[2024-12-26T08:04:39.919+0000] {processor.py:157} INFO - Started process (PID=70) to work on /opt/airflow/dags/kafka_stream.py
[2024-12-26T08:04:39.919+0000] {processor.py:829} INFO - Processing file /opt/airflow/dags/kafka_stream.py for tasks to queue
[2024-12-26T08:04:39.920+0000] {logging_mixin.py:151} INFO - [2024-12-26T08:04:39.920+0000] {dagbag.py:539} INFO - Filling up the DagBag from /opt/airflow/dags/kafka_stream.py
[2024-12-26T08:04:39.942+0000] {processor.py:839} INFO - DAG(s) dict_keys(['user_automation']) retrieved from /opt/airflow/dags/kafka_stream.py
[2024-12-26T08:04:39.955+0000] {logging_mixin.py:151} INFO - [2024-12-26T08:04:39.955+0000] {dag.py:2907} INFO - Sync 1 DAGs
[2024-12-26T08:04:39.965+0000] {logging_mixin.py:151} INFO - [2024-12-26T08:04:39.965+0000] {dag.py:3677} INFO - Setting next_dagrun for user_automation to 2024-12-26T00:00:00+00:00, run_after=2024-12-27T00:00:00+00:00
[2024-12-26T08:04:39.971+0000] {processor.py:179} INFO - Processing /opt/airflow/dags/kafka_stream.py took 0.054 seconds
[2024-12-26T08:05:10.165+0000] {processor.py:157} INFO - Started process (PID=75) to work on /opt/airflow/dags/kafka_stream.py
[2024-12-26T08:05:10.165+0000] {processor.py:829} INFO - Processing file /opt/airflow/dags/kafka_stream.py for tasks to queue
[2024-12-26T08:05:10.166+0000] {logging_mixin.py:151} INFO - [2024-12-26T08:05:10.166+0000] {dagbag.py:539} INFO - Filling up the DagBag from /opt/airflow/dags/kafka_stream.py
[2024-12-26T08:05:10.196+0000] {processor.py:839} INFO - DAG(s) dict_keys(['user_automation']) retrieved from /opt/airflow/dags/kafka_stream.py
[2024-12-26T08:05:10.208+0000] {logging_mixin.py:151} INFO - [2024-12-26T08:05:10.208+0000] {dag.py:2907} INFO - Sync 1 DAGs
[2024-12-26T08:05:10.218+0000] {logging_mixin.py:151} INFO - [2024-12-26T08:05:10.217+0000] {dag.py:3677} INFO - Setting next_dagrun for user_automation to 2024-12-26T00:00:00+00:00, run_after=2024-12-27T00:00:00+00:00
[2024-12-26T08:05:10.224+0000] {processor.py:179} INFO - Processing /opt/airflow/dags/kafka_stream.py took 0.065 seconds
[2024-12-26T08:05:28.262+0000] {processor.py:157} INFO - Started process (PID=76) to work on /opt/airflow/dags/kafka_stream.py
[2024-12-26T08:05:28.263+0000] {processor.py:829} INFO - Processing file /opt/airflow/dags/kafka_stream.py for tasks to queue
[2024-12-26T08:05:28.263+0000] {logging_mixin.py:151} INFO - [2024-12-26T08:05:28.263+0000] {dagbag.py:539} INFO - Filling up the DagBag from /opt/airflow/dags/kafka_stream.py
[2024-12-26T08:05:28.289+0000] {processor.py:839} INFO - DAG(s) dict_keys(['user_automation']) retrieved from /opt/airflow/dags/kafka_stream.py
[2024-12-26T08:05:28.302+0000] {logging_mixin.py:151} INFO - [2024-12-26T08:05:28.302+0000] {dag.py:2907} INFO - Sync 1 DAGs
[2024-12-26T08:05:28.314+0000] {logging_mixin.py:151} INFO - [2024-12-26T08:05:28.314+0000] {dag.py:3677} INFO - Setting next_dagrun for user_automation to 2024-12-26T00:00:00+00:00, run_after=2024-12-27T00:00:00+00:00
[2024-12-26T08:05:28.325+0000] {processor.py:179} INFO - Processing /opt/airflow/dags/kafka_stream.py took 0.065 seconds
[2024-12-26T08:05:58.519+0000] {processor.py:157} INFO - Started process (PID=80) to work on /opt/airflow/dags/kafka_stream.py
[2024-12-26T08:05:58.520+0000] {processor.py:829} INFO - Processing file /opt/airflow/dags/kafka_stream.py for tasks to queue
[2024-12-26T08:05:58.520+0000] {logging_mixin.py:151} INFO - [2024-12-26T08:05:58.520+0000] {dagbag.py:539} INFO - Filling up the DagBag from /opt/airflow/dags/kafka_stream.py
[2024-12-26T08:05:58.545+0000] {processor.py:839} INFO - DAG(s) dict_keys(['user_automation']) retrieved from /opt/airflow/dags/kafka_stream.py
[2024-12-26T08:05:58.556+0000] {logging_mixin.py:151} INFO - [2024-12-26T08:05:58.556+0000] {dag.py:2907} INFO - Sync 1 DAGs
[2024-12-26T08:05:58.566+0000] {logging_mixin.py:151} INFO - [2024-12-26T08:05:58.566+0000] {dag.py:3677} INFO - Setting next_dagrun for user_automation to 2024-12-26T00:00:00+00:00, run_after=2024-12-27T00:00:00+00:00
[2024-12-26T08:05:58.573+0000] {processor.py:179} INFO - Processing /opt/airflow/dags/kafka_stream.py took 0.056 seconds
[2024-12-26T08:06:28.754+0000] {processor.py:157} INFO - Started process (PID=81) to work on /opt/airflow/dags/kafka_stream.py
[2024-12-26T08:06:28.755+0000] {processor.py:829} INFO - Processing file /opt/airflow/dags/kafka_stream.py for tasks to queue
[2024-12-26T08:06:28.756+0000] {logging_mixin.py:151} INFO - [2024-12-26T08:06:28.755+0000] {dagbag.py:539} INFO - Filling up the DagBag from /opt/airflow/dags/kafka_stream.py
[2024-12-26T08:06:28.790+0000] {processor.py:839} INFO - DAG(s) dict_keys(['user_automation']) retrieved from /opt/airflow/dags/kafka_stream.py
[2024-12-26T08:06:28.804+0000] {logging_mixin.py:151} INFO - [2024-12-26T08:06:28.804+0000] {dag.py:2907} INFO - Sync 1 DAGs
[2024-12-26T08:06:28.814+0000] {logging_mixin.py:151} INFO - [2024-12-26T08:06:28.814+0000] {dag.py:3677} INFO - Setting next_dagrun for user_automation to 2024-12-26T00:00:00+00:00, run_after=2024-12-27T00:00:00+00:00
[2024-12-26T08:06:28.822+0000] {processor.py:179} INFO - Processing /opt/airflow/dags/kafka_stream.py took 0.072 seconds
[2024-12-26T08:06:59.005+0000] {processor.py:157} INFO - Started process (PID=82) to work on /opt/airflow/dags/kafka_stream.py
[2024-12-26T08:06:59.006+0000] {processor.py:829} INFO - Processing file /opt/airflow/dags/kafka_stream.py for tasks to queue
[2024-12-26T08:06:59.007+0000] {logging_mixin.py:151} INFO - [2024-12-26T08:06:59.006+0000] {dagbag.py:539} INFO - Filling up the DagBag from /opt/airflow/dags/kafka_stream.py
[2024-12-26T08:06:59.038+0000] {processor.py:839} INFO - DAG(s) dict_keys(['user_automation']) retrieved from /opt/airflow/dags/kafka_stream.py
[2024-12-26T08:06:59.050+0000] {logging_mixin.py:151} INFO - [2024-12-26T08:06:59.049+0000] {dag.py:2907} INFO - Sync 1 DAGs
[2024-12-26T08:06:59.058+0000] {logging_mixin.py:151} INFO - [2024-12-26T08:06:59.058+0000] {dag.py:3677} INFO - Setting next_dagrun for user_automation to 2024-12-26T00:00:00+00:00, run_after=2024-12-27T00:00:00+00:00
[2024-12-26T08:06:59.065+0000] {processor.py:179} INFO - Processing /opt/airflow/dags/kafka_stream.py took 0.064 seconds
[2024-12-26T08:07:29.256+0000] {processor.py:157} INFO - Started process (PID=83) to work on /opt/airflow/dags/kafka_stream.py
[2024-12-26T08:07:29.257+0000] {processor.py:829} INFO - Processing file /opt/airflow/dags/kafka_stream.py for tasks to queue
[2024-12-26T08:07:29.258+0000] {logging_mixin.py:151} INFO - [2024-12-26T08:07:29.257+0000] {dagbag.py:539} INFO - Filling up the DagBag from /opt/airflow/dags/kafka_stream.py
[2024-12-26T08:07:29.289+0000] {processor.py:839} INFO - DAG(s) dict_keys(['user_automation']) retrieved from /opt/airflow/dags/kafka_stream.py
[2024-12-26T08:07:29.302+0000] {logging_mixin.py:151} INFO - [2024-12-26T08:07:29.302+0000] {dag.py:2907} INFO - Sync 1 DAGs
[2024-12-26T08:07:29.311+0000] {logging_mixin.py:151} INFO - [2024-12-26T08:07:29.311+0000] {dag.py:3677} INFO - Setting next_dagrun for user_automation to 2024-12-26T00:00:00+00:00, run_after=2024-12-27T00:00:00+00:00
[2024-12-26T08:07:29.317+0000] {processor.py:179} INFO - Processing /opt/airflow/dags/kafka_stream.py took 0.064 seconds
[2024-12-26T08:07:59.497+0000] {processor.py:157} INFO - Started process (PID=84) to work on /opt/airflow/dags/kafka_stream.py
[2024-12-26T08:07:59.498+0000] {processor.py:829} INFO - Processing file /opt/airflow/dags/kafka_stream.py for tasks to queue
[2024-12-26T08:07:59.499+0000] {logging_mixin.py:151} INFO - [2024-12-26T08:07:59.499+0000] {dagbag.py:539} INFO - Filling up the DagBag from /opt/airflow/dags/kafka_stream.py
[2024-12-26T08:07:59.529+0000] {processor.py:839} INFO - DAG(s) dict_keys(['user_automation']) retrieved from /opt/airflow/dags/kafka_stream.py
[2024-12-26T08:07:59.541+0000] {logging_mixin.py:151} INFO - [2024-12-26T08:07:59.541+0000] {dag.py:2907} INFO - Sync 1 DAGs
[2024-12-26T08:07:59.550+0000] {logging_mixin.py:151} INFO - [2024-12-26T08:07:59.550+0000] {dag.py:3677} INFO - Setting next_dagrun for user_automation to 2024-12-26T00:00:00+00:00, run_after=2024-12-27T00:00:00+00:00
[2024-12-26T08:07:59.558+0000] {processor.py:179} INFO - Processing /opt/airflow/dags/kafka_stream.py took 0.064 seconds
[2024-12-26T08:08:29.738+0000] {processor.py:157} INFO - Started process (PID=85) to work on /opt/airflow/dags/kafka_stream.py
[2024-12-26T08:08:29.739+0000] {processor.py:829} INFO - Processing file /opt/airflow/dags/kafka_stream.py for tasks to queue
[2024-12-26T08:08:29.740+0000] {logging_mixin.py:151} INFO - [2024-12-26T08:08:29.740+0000] {dagbag.py:539} INFO - Filling up the DagBag from /opt/airflow/dags/kafka_stream.py
[2024-12-26T08:08:29.769+0000] {processor.py:839} INFO - DAG(s) dict_keys(['user_automation']) retrieved from /opt/airflow/dags/kafka_stream.py
[2024-12-26T08:08:29.781+0000] {logging_mixin.py:151} INFO - [2024-12-26T08:08:29.781+0000] {dag.py:2907} INFO - Sync 1 DAGs
[2024-12-26T08:08:29.790+0000] {logging_mixin.py:151} INFO - [2024-12-26T08:08:29.790+0000] {dag.py:3677} INFO - Setting next_dagrun for user_automation to 2024-12-26T00:00:00+00:00, run_after=2024-12-27T00:00:00+00:00
[2024-12-26T08:08:29.799+0000] {processor.py:179} INFO - Processing /opt/airflow/dags/kafka_stream.py took 0.063 seconds
[2024-12-26T08:08:59.975+0000] {processor.py:157} INFO - Started process (PID=86) to work on /opt/airflow/dags/kafka_stream.py
[2024-12-26T08:08:59.976+0000] {processor.py:829} INFO - Processing file /opt/airflow/dags/kafka_stream.py for tasks to queue
[2024-12-26T08:08:59.977+0000] {logging_mixin.py:151} INFO - [2024-12-26T08:08:59.977+0000] {dagbag.py:539} INFO - Filling up the DagBag from /opt/airflow/dags/kafka_stream.py
[2024-12-26T08:09:00.006+0000] {processor.py:839} INFO - DAG(s) dict_keys(['user_automation']) retrieved from /opt/airflow/dags/kafka_stream.py
[2024-12-26T08:09:00.017+0000] {logging_mixin.py:151} INFO - [2024-12-26T08:09:00.017+0000] {dag.py:2907} INFO - Sync 1 DAGs
[2024-12-26T08:09:00.026+0000] {logging_mixin.py:151} INFO - [2024-12-26T08:09:00.026+0000] {dag.py:3677} INFO - Setting next_dagrun for user_automation to 2024-12-26T00:00:00+00:00, run_after=2024-12-27T00:00:00+00:00
[2024-12-26T08:09:00.033+0000] {processor.py:179} INFO - Processing /opt/airflow/dags/kafka_stream.py took 0.061 seconds
[2024-12-26T08:09:30.215+0000] {processor.py:157} INFO - Started process (PID=87) to work on /opt/airflow/dags/kafka_stream.py
[2024-12-26T08:09:30.216+0000] {processor.py:829} INFO - Processing file /opt/airflow/dags/kafka_stream.py for tasks to queue
[2024-12-26T08:09:30.217+0000] {logging_mixin.py:151} INFO - [2024-12-26T08:09:30.217+0000] {dagbag.py:539} INFO - Filling up the DagBag from /opt/airflow/dags/kafka_stream.py
[2024-12-26T08:09:30.249+0000] {processor.py:839} INFO - DAG(s) dict_keys(['user_automation']) retrieved from /opt/airflow/dags/kafka_stream.py
[2024-12-26T08:09:30.261+0000] {logging_mixin.py:151} INFO - [2024-12-26T08:09:30.261+0000] {dag.py:2907} INFO - Sync 1 DAGs
[2024-12-26T08:09:30.270+0000] {logging_mixin.py:151} INFO - [2024-12-26T08:09:30.270+0000] {dag.py:3677} INFO - Setting next_dagrun for user_automation to 2024-12-26T00:00:00+00:00, run_after=2024-12-27T00:00:00+00:00
[2024-12-26T08:09:30.278+0000] {processor.py:179} INFO - Processing /opt/airflow/dags/kafka_stream.py took 0.066 seconds
[2024-12-26T08:12:17.358+0000] {processor.py:157} INFO - Started process (PID=70) to work on /opt/airflow/dags/kafka_stream.py
[2024-12-26T08:12:17.359+0000] {processor.py:829} INFO - Processing file /opt/airflow/dags/kafka_stream.py for tasks to queue
[2024-12-26T08:12:17.360+0000] {logging_mixin.py:151} INFO - [2024-12-26T08:12:17.360+0000] {dagbag.py:539} INFO - Filling up the DagBag from /opt/airflow/dags/kafka_stream.py
[2024-12-26T08:12:17.379+0000] {processor.py:839} INFO - DAG(s) dict_keys(['user_automation']) retrieved from /opt/airflow/dags/kafka_stream.py
[2024-12-26T08:12:17.388+0000] {logging_mixin.py:151} INFO - [2024-12-26T08:12:17.388+0000] {dag.py:2907} INFO - Sync 1 DAGs
[2024-12-26T08:12:17.397+0000] {logging_mixin.py:151} INFO - [2024-12-26T08:12:17.396+0000] {dag.py:3677} INFO - Setting next_dagrun for user_automation to 2024-12-26T00:00:00+00:00, run_after=2024-12-27T00:00:00+00:00
[2024-12-26T08:12:17.402+0000] {processor.py:179} INFO - Processing /opt/airflow/dags/kafka_stream.py took 0.045 seconds
[2024-12-26T08:12:47.552+0000] {processor.py:157} INFO - Started process (PID=75) to work on /opt/airflow/dags/kafka_stream.py
[2024-12-26T08:12:47.552+0000] {processor.py:829} INFO - Processing file /opt/airflow/dags/kafka_stream.py for tasks to queue
[2024-12-26T08:12:47.553+0000] {logging_mixin.py:151} INFO - [2024-12-26T08:12:47.553+0000] {dagbag.py:539} INFO - Filling up the DagBag from /opt/airflow/dags/kafka_stream.py
[2024-12-26T08:12:47.584+0000] {processor.py:839} INFO - DAG(s) dict_keys(['user_automation']) retrieved from /opt/airflow/dags/kafka_stream.py
[2024-12-26T08:12:47.598+0000] {logging_mixin.py:151} INFO - [2024-12-26T08:12:47.598+0000] {dag.py:2907} INFO - Sync 1 DAGs
[2024-12-26T08:12:47.608+0000] {logging_mixin.py:151} INFO - [2024-12-26T08:12:47.608+0000] {dag.py:3677} INFO - Setting next_dagrun for user_automation to 2024-12-26T00:00:00+00:00, run_after=2024-12-27T00:00:00+00:00
[2024-12-26T08:12:47.616+0000] {processor.py:179} INFO - Processing /opt/airflow/dags/kafka_stream.py took 0.067 seconds
[2024-12-26T08:13:17.776+0000] {processor.py:157} INFO - Started process (PID=76) to work on /opt/airflow/dags/kafka_stream.py
[2024-12-26T08:13:17.777+0000] {processor.py:829} INFO - Processing file /opt/airflow/dags/kafka_stream.py for tasks to queue
[2024-12-26T08:13:17.778+0000] {logging_mixin.py:151} INFO - [2024-12-26T08:13:17.778+0000] {dagbag.py:539} INFO - Filling up the DagBag from /opt/airflow/dags/kafka_stream.py
[2024-12-26T08:13:17.814+0000] {processor.py:839} INFO - DAG(s) dict_keys(['user_automation']) retrieved from /opt/airflow/dags/kafka_stream.py
[2024-12-26T08:13:17.828+0000] {logging_mixin.py:151} INFO - [2024-12-26T08:13:17.828+0000] {dag.py:2907} INFO - Sync 1 DAGs
[2024-12-26T08:13:17.839+0000] {logging_mixin.py:151} INFO - [2024-12-26T08:13:17.839+0000] {dag.py:3677} INFO - Setting next_dagrun for user_automation to 2024-12-26T00:00:00+00:00, run_after=2024-12-27T00:00:00+00:00
[2024-12-26T08:13:17.850+0000] {processor.py:179} INFO - Processing /opt/airflow/dags/kafka_stream.py took 0.078 seconds
[2024-12-26T08:13:47.977+0000] {processor.py:157} INFO - Started process (PID=77) to work on /opt/airflow/dags/kafka_stream.py
[2024-12-26T08:13:47.977+0000] {processor.py:829} INFO - Processing file /opt/airflow/dags/kafka_stream.py for tasks to queue
[2024-12-26T08:13:47.978+0000] {logging_mixin.py:151} INFO - [2024-12-26T08:13:47.978+0000] {dagbag.py:539} INFO - Filling up the DagBag from /opt/airflow/dags/kafka_stream.py
[2024-12-26T08:13:48.009+0000] {processor.py:839} INFO - DAG(s) dict_keys(['user_automation']) retrieved from /opt/airflow/dags/kafka_stream.py
[2024-12-26T08:13:48.022+0000] {logging_mixin.py:151} INFO - [2024-12-26T08:13:48.022+0000] {dag.py:2907} INFO - Sync 1 DAGs
[2024-12-26T08:13:48.032+0000] {logging_mixin.py:151} INFO - [2024-12-26T08:13:48.032+0000] {dag.py:3677} INFO - Setting next_dagrun for user_automation to 2024-12-26T00:00:00+00:00, run_after=2024-12-27T00:00:00+00:00
[2024-12-26T08:13:48.038+0000] {processor.py:179} INFO - Processing /opt/airflow/dags/kafka_stream.py took 0.064 seconds
[2024-12-26T08:14:18.208+0000] {processor.py:157} INFO - Started process (PID=78) to work on /opt/airflow/dags/kafka_stream.py
[2024-12-26T08:14:18.208+0000] {processor.py:829} INFO - Processing file /opt/airflow/dags/kafka_stream.py for tasks to queue
[2024-12-26T08:14:18.209+0000] {logging_mixin.py:151} INFO - [2024-12-26T08:14:18.209+0000] {dagbag.py:539} INFO - Filling up the DagBag from /opt/airflow/dags/kafka_stream.py
[2024-12-26T08:14:18.237+0000] {processor.py:839} INFO - DAG(s) dict_keys(['user_automation']) retrieved from /opt/airflow/dags/kafka_stream.py
[2024-12-26T08:14:18.249+0000] {logging_mixin.py:151} INFO - [2024-12-26T08:14:18.249+0000] {dag.py:2907} INFO - Sync 1 DAGs
[2024-12-26T08:14:18.258+0000] {logging_mixin.py:151} INFO - [2024-12-26T08:14:18.258+0000] {dag.py:3677} INFO - Setting next_dagrun for user_automation to 2024-12-26T00:00:00+00:00, run_after=2024-12-27T00:00:00+00:00
[2024-12-26T08:14:18.265+0000] {processor.py:179} INFO - Processing /opt/airflow/dags/kafka_stream.py took 0.060 seconds
[2024-12-26T08:14:48.426+0000] {processor.py:157} INFO - Started process (PID=79) to work on /opt/airflow/dags/kafka_stream.py
[2024-12-26T08:14:48.427+0000] {processor.py:829} INFO - Processing file /opt/airflow/dags/kafka_stream.py for tasks to queue
[2024-12-26T08:14:48.428+0000] {logging_mixin.py:151} INFO - [2024-12-26T08:14:48.428+0000] {dagbag.py:539} INFO - Filling up the DagBag from /opt/airflow/dags/kafka_stream.py
[2024-12-26T08:14:48.457+0000] {processor.py:839} INFO - DAG(s) dict_keys(['user_automation']) retrieved from /opt/airflow/dags/kafka_stream.py
[2024-12-26T08:14:48.468+0000] {logging_mixin.py:151} INFO - [2024-12-26T08:14:48.468+0000] {dag.py:2907} INFO - Sync 1 DAGs
[2024-12-26T08:14:48.477+0000] {logging_mixin.py:151} INFO - [2024-12-26T08:14:48.477+0000] {dag.py:3677} INFO - Setting next_dagrun for user_automation to 2024-12-26T00:00:00+00:00, run_after=2024-12-27T00:00:00+00:00
[2024-12-26T08:14:48.483+0000] {processor.py:179} INFO - Processing /opt/airflow/dags/kafka_stream.py took 0.060 seconds
[2024-12-26T19:21:23.777+0000] {processor.py:157} INFO - Started process (PID=70) to work on /opt/airflow/dags/kafka_stream.py
[2024-12-26T19:21:23.779+0000] {processor.py:829} INFO - Processing file /opt/airflow/dags/kafka_stream.py for tasks to queue
[2024-12-26T19:21:23.780+0000] {logging_mixin.py:151} INFO - [2024-12-26T19:21:23.779+0000] {dagbag.py:539} INFO - Filling up the DagBag from /opt/airflow/dags/kafka_stream.py
[2024-12-26T19:21:23.800+0000] {processor.py:839} INFO - DAG(s) dict_keys(['user_automation']) retrieved from /opt/airflow/dags/kafka_stream.py
[2024-12-26T19:21:23.811+0000] {logging_mixin.py:151} INFO - [2024-12-26T19:21:23.811+0000] {dag.py:2907} INFO - Sync 1 DAGs
[2024-12-26T19:21:23.820+0000] {logging_mixin.py:151} INFO - [2024-12-26T19:21:23.820+0000] {dag.py:3677} INFO - Setting next_dagrun for user_automation to 2024-12-26T00:00:00+00:00, run_after=2024-12-27T00:00:00+00:00
[2024-12-26T19:21:23.826+0000] {processor.py:179} INFO - Processing /opt/airflow/dags/kafka_stream.py took 0.050 seconds
[2024-12-26T19:21:53.961+0000] {processor.py:157} INFO - Started process (PID=72) to work on /opt/airflow/dags/kafka_stream.py
[2024-12-26T19:21:53.962+0000] {processor.py:829} INFO - Processing file /opt/airflow/dags/kafka_stream.py for tasks to queue
[2024-12-26T19:21:53.962+0000] {logging_mixin.py:151} INFO - [2024-12-26T19:21:53.962+0000] {dagbag.py:539} INFO - Filling up the DagBag from /opt/airflow/dags/kafka_stream.py
[2024-12-26T19:21:53.988+0000] {processor.py:839} INFO - DAG(s) dict_keys(['user_automation']) retrieved from /opt/airflow/dags/kafka_stream.py
[2024-12-26T19:21:54.001+0000] {logging_mixin.py:151} INFO - [2024-12-26T19:21:54.001+0000] {dag.py:2907} INFO - Sync 1 DAGs
[2024-12-26T19:21:54.010+0000] {logging_mixin.py:151} INFO - [2024-12-26T19:21:54.010+0000] {dag.py:3677} INFO - Setting next_dagrun for user_automation to 2024-12-26T00:00:00+00:00, run_after=2024-12-27T00:00:00+00:00
[2024-12-26T19:21:54.016+0000] {processor.py:179} INFO - Processing /opt/airflow/dags/kafka_stream.py took 0.057 seconds
[2024-12-26T19:22:24.157+0000] {processor.py:157} INFO - Started process (PID=73) to work on /opt/airflow/dags/kafka_stream.py
[2024-12-26T19:22:24.157+0000] {processor.py:829} INFO - Processing file /opt/airflow/dags/kafka_stream.py for tasks to queue
[2024-12-26T19:22:24.158+0000] {logging_mixin.py:151} INFO - [2024-12-26T19:22:24.157+0000] {dagbag.py:539} INFO - Filling up the DagBag from /opt/airflow/dags/kafka_stream.py
[2024-12-26T19:22:24.184+0000] {processor.py:839} INFO - DAG(s) dict_keys(['user_automation']) retrieved from /opt/airflow/dags/kafka_stream.py
[2024-12-26T19:22:24.199+0000] {logging_mixin.py:151} INFO - [2024-12-26T19:22:24.199+0000] {dag.py:2907} INFO - Sync 1 DAGs
[2024-12-26T19:22:24.208+0000] {logging_mixin.py:151} INFO - [2024-12-26T19:22:24.208+0000] {dag.py:3677} INFO - Setting next_dagrun for user_automation to 2024-12-26T00:00:00+00:00, run_after=2024-12-27T00:00:00+00:00
[2024-12-26T19:22:24.213+0000] {processor.py:179} INFO - Processing /opt/airflow/dags/kafka_stream.py took 0.059 seconds
[2024-12-26T19:22:54.357+0000] {processor.py:157} INFO - Started process (PID=74) to work on /opt/airflow/dags/kafka_stream.py
[2024-12-26T19:22:54.357+0000] {processor.py:829} INFO - Processing file /opt/airflow/dags/kafka_stream.py for tasks to queue
[2024-12-26T19:22:54.358+0000] {logging_mixin.py:151} INFO - [2024-12-26T19:22:54.358+0000] {dagbag.py:539} INFO - Filling up the DagBag from /opt/airflow/dags/kafka_stream.py
[2024-12-26T19:22:54.389+0000] {processor.py:839} INFO - DAG(s) dict_keys(['user_automation']) retrieved from /opt/airflow/dags/kafka_stream.py
[2024-12-26T19:22:54.401+0000] {logging_mixin.py:151} INFO - [2024-12-26T19:22:54.401+0000] {dag.py:2907} INFO - Sync 1 DAGs
[2024-12-26T19:22:54.412+0000] {logging_mixin.py:151} INFO - [2024-12-26T19:22:54.412+0000] {dag.py:3677} INFO - Setting next_dagrun for user_automation to 2024-12-26T00:00:00+00:00, run_after=2024-12-27T00:00:00+00:00
[2024-12-26T19:22:54.418+0000] {processor.py:179} INFO - Processing /opt/airflow/dags/kafka_stream.py took 0.065 seconds
[2024-12-26T19:23:24.613+0000] {processor.py:157} INFO - Started process (PID=75) to work on /opt/airflow/dags/kafka_stream.py
[2024-12-26T19:23:24.614+0000] {processor.py:829} INFO - Processing file /opt/airflow/dags/kafka_stream.py for tasks to queue
[2024-12-26T19:23:24.614+0000] {logging_mixin.py:151} INFO - [2024-12-26T19:23:24.614+0000] {dagbag.py:539} INFO - Filling up the DagBag from /opt/airflow/dags/kafka_stream.py
[2024-12-26T19:23:24.639+0000] {processor.py:839} INFO - DAG(s) dict_keys(['user_automation']) retrieved from /opt/airflow/dags/kafka_stream.py
[2024-12-26T19:23:24.651+0000] {logging_mixin.py:151} INFO - [2024-12-26T19:23:24.651+0000] {dag.py:2907} INFO - Sync 1 DAGs
[2024-12-26T19:23:24.660+0000] {logging_mixin.py:151} INFO - [2024-12-26T19:23:24.659+0000] {dag.py:3677} INFO - Setting next_dagrun for user_automation to 2024-12-26T00:00:00+00:00, run_after=2024-12-27T00:00:00+00:00
[2024-12-26T19:23:24.666+0000] {processor.py:179} INFO - Processing /opt/airflow/dags/kafka_stream.py took 0.055 seconds
[2024-12-26T19:23:54.817+0000] {processor.py:157} INFO - Started process (PID=76) to work on /opt/airflow/dags/kafka_stream.py
[2024-12-26T19:23:54.818+0000] {processor.py:829} INFO - Processing file /opt/airflow/dags/kafka_stream.py for tasks to queue
[2024-12-26T19:23:54.819+0000] {logging_mixin.py:151} INFO - [2024-12-26T19:23:54.818+0000] {dagbag.py:539} INFO - Filling up the DagBag from /opt/airflow/dags/kafka_stream.py
[2024-12-26T19:23:54.849+0000] {processor.py:839} INFO - DAG(s) dict_keys(['user_automation']) retrieved from /opt/airflow/dags/kafka_stream.py
[2024-12-26T19:23:54.861+0000] {logging_mixin.py:151} INFO - [2024-12-26T19:23:54.861+0000] {dag.py:2907} INFO - Sync 1 DAGs
[2024-12-26T19:23:54.869+0000] {logging_mixin.py:151} INFO - [2024-12-26T19:23:54.869+0000] {dag.py:3677} INFO - Setting next_dagrun for user_automation to 2024-12-26T00:00:00+00:00, run_after=2024-12-27T00:00:00+00:00
[2024-12-26T19:23:54.875+0000] {processor.py:179} INFO - Processing /opt/airflow/dags/kafka_stream.py took 0.061 seconds
[2024-12-26T19:24:25.063+0000] {processor.py:157} INFO - Started process (PID=77) to work on /opt/airflow/dags/kafka_stream.py
[2024-12-26T19:24:25.063+0000] {processor.py:829} INFO - Processing file /opt/airflow/dags/kafka_stream.py for tasks to queue
[2024-12-26T19:24:25.064+0000] {logging_mixin.py:151} INFO - [2024-12-26T19:24:25.064+0000] {dagbag.py:539} INFO - Filling up the DagBag from /opt/airflow/dags/kafka_stream.py
[2024-12-26T19:24:25.092+0000] {processor.py:839} INFO - DAG(s) dict_keys(['user_automation']) retrieved from /opt/airflow/dags/kafka_stream.py
[2024-12-26T19:24:25.104+0000] {logging_mixin.py:151} INFO - [2024-12-26T19:24:25.104+0000] {dag.py:2907} INFO - Sync 1 DAGs
[2024-12-26T19:24:25.113+0000] {logging_mixin.py:151} INFO - [2024-12-26T19:24:25.113+0000] {dag.py:3677} INFO - Setting next_dagrun for user_automation to 2024-12-26T00:00:00+00:00, run_after=2024-12-27T00:00:00+00:00
[2024-12-26T19:24:25.120+0000] {processor.py:179} INFO - Processing /opt/airflow/dags/kafka_stream.py took 0.060 seconds
[2024-12-26T19:24:55.261+0000] {processor.py:157} INFO - Started process (PID=78) to work on /opt/airflow/dags/kafka_stream.py
[2024-12-26T19:24:55.262+0000] {processor.py:829} INFO - Processing file /opt/airflow/dags/kafka_stream.py for tasks to queue
[2024-12-26T19:24:55.262+0000] {logging_mixin.py:151} INFO - [2024-12-26T19:24:55.262+0000] {dagbag.py:539} INFO - Filling up the DagBag from /opt/airflow/dags/kafka_stream.py
[2024-12-26T19:24:55.293+0000] {processor.py:839} INFO - DAG(s) dict_keys(['user_automation']) retrieved from /opt/airflow/dags/kafka_stream.py
[2024-12-26T19:24:55.304+0000] {logging_mixin.py:151} INFO - [2024-12-26T19:24:55.304+0000] {dag.py:2907} INFO - Sync 1 DAGs
[2024-12-26T19:24:55.313+0000] {logging_mixin.py:151} INFO - [2024-12-26T19:24:55.313+0000] {dag.py:3677} INFO - Setting next_dagrun for user_automation to 2024-12-26T00:00:00+00:00, run_after=2024-12-27T00:00:00+00:00
[2024-12-26T19:24:55.319+0000] {processor.py:179} INFO - Processing /opt/airflow/dags/kafka_stream.py took 0.061 seconds
[2024-12-26T19:25:25.478+0000] {processor.py:157} INFO - Started process (PID=79) to work on /opt/airflow/dags/kafka_stream.py
[2024-12-26T19:25:25.479+0000] {processor.py:829} INFO - Processing file /opt/airflow/dags/kafka_stream.py for tasks to queue
[2024-12-26T19:25:25.479+0000] {logging_mixin.py:151} INFO - [2024-12-26T19:25:25.479+0000] {dagbag.py:539} INFO - Filling up the DagBag from /opt/airflow/dags/kafka_stream.py
[2024-12-26T19:25:25.515+0000] {processor.py:839} INFO - DAG(s) dict_keys(['user_automation']) retrieved from /opt/airflow/dags/kafka_stream.py
[2024-12-26T19:25:25.530+0000] {logging_mixin.py:151} INFO - [2024-12-26T19:25:25.530+0000] {dag.py:2907} INFO - Sync 1 DAGs
[2024-12-26T19:25:25.541+0000] {logging_mixin.py:151} INFO - [2024-12-26T19:25:25.541+0000] {dag.py:3677} INFO - Setting next_dagrun for user_automation to 2024-12-26T00:00:00+00:00, run_after=2024-12-27T00:00:00+00:00
[2024-12-26T19:25:25.547+0000] {processor.py:179} INFO - Processing /opt/airflow/dags/kafka_stream.py took 0.072 seconds
[2024-12-26T19:25:55.674+0000] {processor.py:157} INFO - Started process (PID=80) to work on /opt/airflow/dags/kafka_stream.py
[2024-12-26T19:25:55.675+0000] {processor.py:829} INFO - Processing file /opt/airflow/dags/kafka_stream.py for tasks to queue
[2024-12-26T19:25:55.675+0000] {logging_mixin.py:151} INFO - [2024-12-26T19:25:55.675+0000] {dagbag.py:539} INFO - Filling up the DagBag from /opt/airflow/dags/kafka_stream.py
[2024-12-26T19:25:55.702+0000] {processor.py:839} INFO - DAG(s) dict_keys(['user_automation']) retrieved from /opt/airflow/dags/kafka_stream.py
[2024-12-26T19:25:55.714+0000] {logging_mixin.py:151} INFO - [2024-12-26T19:25:55.714+0000] {dag.py:2907} INFO - Sync 1 DAGs
[2024-12-26T19:25:55.724+0000] {logging_mixin.py:151} INFO - [2024-12-26T19:25:55.723+0000] {dag.py:3677} INFO - Setting next_dagrun for user_automation to 2024-12-26T00:00:00+00:00, run_after=2024-12-27T00:00:00+00:00
[2024-12-26T19:25:55.729+0000] {processor.py:179} INFO - Processing /opt/airflow/dags/kafka_stream.py took 0.058 seconds
[2024-12-26T19:26:26.081+0000] {processor.py:157} INFO - Started process (PID=81) to work on /opt/airflow/dags/kafka_stream.py
[2024-12-26T19:26:26.082+0000] {processor.py:829} INFO - Processing file /opt/airflow/dags/kafka_stream.py for tasks to queue
[2024-12-26T19:26:26.083+0000] {logging_mixin.py:151} INFO - [2024-12-26T19:26:26.082+0000] {dagbag.py:539} INFO - Filling up the DagBag from /opt/airflow/dags/kafka_stream.py
[2024-12-26T19:26:26.112+0000] {processor.py:839} INFO - DAG(s) dict_keys(['user_automation']) retrieved from /opt/airflow/dags/kafka_stream.py
[2024-12-26T19:26:26.124+0000] {logging_mixin.py:151} INFO - [2024-12-26T19:26:26.124+0000] {dag.py:2907} INFO - Sync 1 DAGs
[2024-12-26T19:26:26.134+0000] {logging_mixin.py:151} INFO - [2024-12-26T19:26:26.134+0000] {dag.py:3677} INFO - Setting next_dagrun for user_automation to 2024-12-26T00:00:00+00:00, run_after=2024-12-27T00:00:00+00:00
[2024-12-26T19:26:26.140+0000] {processor.py:179} INFO - Processing /opt/airflow/dags/kafka_stream.py took 0.062 seconds
[2024-12-26T19:26:56.303+0000] {processor.py:157} INFO - Started process (PID=82) to work on /opt/airflow/dags/kafka_stream.py
[2024-12-26T19:26:56.304+0000] {processor.py:829} INFO - Processing file /opt/airflow/dags/kafka_stream.py for tasks to queue
[2024-12-26T19:26:56.305+0000] {logging_mixin.py:151} INFO - [2024-12-26T19:26:56.305+0000] {dagbag.py:539} INFO - Filling up the DagBag from /opt/airflow/dags/kafka_stream.py
[2024-12-26T19:26:56.335+0000] {processor.py:839} INFO - DAG(s) dict_keys(['user_automation']) retrieved from /opt/airflow/dags/kafka_stream.py
[2024-12-26T19:26:56.347+0000] {logging_mixin.py:151} INFO - [2024-12-26T19:26:56.347+0000] {dag.py:2907} INFO - Sync 1 DAGs
[2024-12-26T19:26:56.357+0000] {logging_mixin.py:151} INFO - [2024-12-26T19:26:56.357+0000] {dag.py:3677} INFO - Setting next_dagrun for user_automation to 2024-12-26T00:00:00+00:00, run_after=2024-12-27T00:00:00+00:00
[2024-12-26T19:26:56.363+0000] {processor.py:179} INFO - Processing /opt/airflow/dags/kafka_stream.py took 0.063 seconds
[2024-12-26T19:27:26.523+0000] {processor.py:157} INFO - Started process (PID=83) to work on /opt/airflow/dags/kafka_stream.py
[2024-12-26T19:27:26.523+0000] {processor.py:829} INFO - Processing file /opt/airflow/dags/kafka_stream.py for tasks to queue
[2024-12-26T19:27:26.525+0000] {logging_mixin.py:151} INFO - [2024-12-26T19:27:26.524+0000] {dagbag.py:539} INFO - Filling up the DagBag from /opt/airflow/dags/kafka_stream.py
[2024-12-26T19:27:26.556+0000] {processor.py:839} INFO - DAG(s) dict_keys(['user_automation']) retrieved from /opt/airflow/dags/kafka_stream.py
[2024-12-26T19:27:26.566+0000] {logging_mixin.py:151} INFO - [2024-12-26T19:27:26.566+0000] {dag.py:2907} INFO - Sync 1 DAGs
[2024-12-26T19:27:26.575+0000] {logging_mixin.py:151} INFO - [2024-12-26T19:27:26.575+0000] {dag.py:3677} INFO - Setting next_dagrun for user_automation to 2024-12-26T00:00:00+00:00, run_after=2024-12-27T00:00:00+00:00
[2024-12-26T19:27:26.647+0000] {processor.py:179} INFO - Processing /opt/airflow/dags/kafka_stream.py took 0.128 seconds
[2024-12-26T19:27:56.730+0000] {processor.py:157} INFO - Started process (PID=84) to work on /opt/airflow/dags/kafka_stream.py
[2024-12-26T19:27:56.731+0000] {processor.py:829} INFO - Processing file /opt/airflow/dags/kafka_stream.py for tasks to queue
[2024-12-26T19:27:56.731+0000] {logging_mixin.py:151} INFO - [2024-12-26T19:27:56.731+0000] {dagbag.py:539} INFO - Filling up the DagBag from /opt/airflow/dags/kafka_stream.py
[2024-12-26T19:27:56.757+0000] {processor.py:839} INFO - DAG(s) dict_keys(['user_automation']) retrieved from /opt/airflow/dags/kafka_stream.py
[2024-12-26T19:27:56.768+0000] {logging_mixin.py:151} INFO - [2024-12-26T19:27:56.768+0000] {dag.py:2907} INFO - Sync 1 DAGs
[2024-12-26T19:27:56.833+0000] {logging_mixin.py:151} INFO - [2024-12-26T19:27:56.833+0000] {dag.py:3677} INFO - Setting next_dagrun for user_automation to 2024-12-26T00:00:00+00:00, run_after=2024-12-27T00:00:00+00:00
[2024-12-26T19:27:56.839+0000] {processor.py:179} INFO - Processing /opt/airflow/dags/kafka_stream.py took 0.111 seconds
[2024-12-26T19:28:26.977+0000] {processor.py:157} INFO - Started process (PID=85) to work on /opt/airflow/dags/kafka_stream.py
[2024-12-26T19:28:26.977+0000] {processor.py:829} INFO - Processing file /opt/airflow/dags/kafka_stream.py for tasks to queue
[2024-12-26T19:28:26.978+0000] {logging_mixin.py:151} INFO - [2024-12-26T19:28:26.978+0000] {dagbag.py:539} INFO - Filling up the DagBag from /opt/airflow/dags/kafka_stream.py
[2024-12-26T19:28:27.002+0000] {processor.py:839} INFO - DAG(s) dict_keys(['user_automation']) retrieved from /opt/airflow/dags/kafka_stream.py
[2024-12-26T19:28:27.014+0000] {logging_mixin.py:151} INFO - [2024-12-26T19:28:27.014+0000] {dag.py:2907} INFO - Sync 1 DAGs
[2024-12-26T19:28:27.080+0000] {logging_mixin.py:151} INFO - [2024-12-26T19:28:27.080+0000] {dag.py:3677} INFO - Setting next_dagrun for user_automation to 2024-12-26T00:00:00+00:00, run_after=2024-12-27T00:00:00+00:00
[2024-12-26T19:28:27.086+0000] {processor.py:179} INFO - Processing /opt/airflow/dags/kafka_stream.py took 0.111 seconds
[2024-12-26T19:28:57.161+0000] {processor.py:157} INFO - Started process (PID=86) to work on /opt/airflow/dags/kafka_stream.py
[2024-12-26T19:28:57.162+0000] {processor.py:829} INFO - Processing file /opt/airflow/dags/kafka_stream.py for tasks to queue
[2024-12-26T19:28:57.162+0000] {logging_mixin.py:151} INFO - [2024-12-26T19:28:57.162+0000] {dagbag.py:539} INFO - Filling up the DagBag from /opt/airflow/dags/kafka_stream.py
[2024-12-26T19:28:57.205+0000] {processor.py:839} INFO - DAG(s) dict_keys(['user_automation']) retrieved from /opt/airflow/dags/kafka_stream.py
[2024-12-26T19:28:57.275+0000] {logging_mixin.py:151} INFO - [2024-12-26T19:28:57.275+0000] {dag.py:2907} INFO - Sync 1 DAGs
[2024-12-26T19:28:57.282+0000] {logging_mixin.py:151} INFO - [2024-12-26T19:28:57.282+0000] {dag.py:3677} INFO - Setting next_dagrun for user_automation to 2024-12-26T00:00:00+00:00, run_after=2024-12-27T00:00:00+00:00
[2024-12-26T19:28:57.287+0000] {processor.py:179} INFO - Processing /opt/airflow/dags/kafka_stream.py took 0.128 seconds
[2024-12-26T19:29:27.397+0000] {processor.py:157} INFO - Started process (PID=87) to work on /opt/airflow/dags/kafka_stream.py
[2024-12-26T19:29:27.398+0000] {processor.py:829} INFO - Processing file /opt/airflow/dags/kafka_stream.py for tasks to queue
[2024-12-26T19:29:27.398+0000] {logging_mixin.py:151} INFO - [2024-12-26T19:29:27.398+0000] {dagbag.py:539} INFO - Filling up the DagBag from /opt/airflow/dags/kafka_stream.py
[2024-12-26T19:29:27.420+0000] {processor.py:839} INFO - DAG(s) dict_keys(['user_automation']) retrieved from /opt/airflow/dags/kafka_stream.py
[2024-12-26T19:29:27.485+0000] {logging_mixin.py:151} INFO - [2024-12-26T19:29:27.484+0000] {dag.py:2907} INFO - Sync 1 DAGs
[2024-12-26T19:29:27.492+0000] {logging_mixin.py:151} INFO - [2024-12-26T19:29:27.492+0000] {dag.py:3677} INFO - Setting next_dagrun for user_automation to 2024-12-26T00:00:00+00:00, run_after=2024-12-27T00:00:00+00:00
[2024-12-26T19:29:27.497+0000] {processor.py:179} INFO - Processing /opt/airflow/dags/kafka_stream.py took 0.102 seconds
[2024-12-26T19:29:57.575+0000] {processor.py:157} INFO - Started process (PID=88) to work on /opt/airflow/dags/kafka_stream.py
[2024-12-26T19:29:57.575+0000] {processor.py:829} INFO - Processing file /opt/airflow/dags/kafka_stream.py for tasks to queue
[2024-12-26T19:29:57.576+0000] {logging_mixin.py:151} INFO - [2024-12-26T19:29:57.576+0000] {dagbag.py:539} INFO - Filling up the DagBag from /opt/airflow/dags/kafka_stream.py
[2024-12-26T19:29:57.675+0000] {processor.py:839} INFO - DAG(s) dict_keys(['user_automation']) retrieved from /opt/airflow/dags/kafka_stream.py
[2024-12-26T19:29:57.684+0000] {logging_mixin.py:151} INFO - [2024-12-26T19:29:57.684+0000] {dag.py:2907} INFO - Sync 1 DAGs
[2024-12-26T19:29:57.692+0000] {logging_mixin.py:151} INFO - [2024-12-26T19:29:57.692+0000] {dag.py:3677} INFO - Setting next_dagrun for user_automation to 2024-12-26T00:00:00+00:00, run_after=2024-12-27T00:00:00+00:00
[2024-12-26T19:29:57.698+0000] {processor.py:179} INFO - Processing /opt/airflow/dags/kafka_stream.py took 0.125 seconds
[2024-12-26T19:30:27.834+0000] {processor.py:157} INFO - Started process (PID=89) to work on /opt/airflow/dags/kafka_stream.py
[2024-12-26T19:30:27.835+0000] {processor.py:829} INFO - Processing file /opt/airflow/dags/kafka_stream.py for tasks to queue
[2024-12-26T19:30:27.836+0000] {logging_mixin.py:151} INFO - [2024-12-26T19:30:27.835+0000] {dagbag.py:539} INFO - Filling up the DagBag from /opt/airflow/dags/kafka_stream.py
[2024-12-26T19:30:27.865+0000] {processor.py:839} INFO - DAG(s) dict_keys(['user_automation']) retrieved from /opt/airflow/dags/kafka_stream.py
[2024-12-26T19:30:27.876+0000] {logging_mixin.py:151} INFO - [2024-12-26T19:30:27.876+0000] {dag.py:2907} INFO - Sync 1 DAGs
[2024-12-26T19:30:27.886+0000] {logging_mixin.py:151} INFO - [2024-12-26T19:30:27.886+0000] {dag.py:3677} INFO - Setting next_dagrun for user_automation to 2024-12-26T00:00:00+00:00, run_after=2024-12-27T00:00:00+00:00
[2024-12-26T19:30:27.944+0000] {processor.py:179} INFO - Processing /opt/airflow/dags/kafka_stream.py took 0.113 seconds
[2024-12-26T19:30:58.047+0000] {processor.py:157} INFO - Started process (PID=90) to work on /opt/airflow/dags/kafka_stream.py
[2024-12-26T19:30:58.048+0000] {processor.py:829} INFO - Processing file /opt/airflow/dags/kafka_stream.py for tasks to queue
[2024-12-26T19:30:58.049+0000] {logging_mixin.py:151} INFO - [2024-12-26T19:30:58.048+0000] {dagbag.py:539} INFO - Filling up the DagBag from /opt/airflow/dags/kafka_stream.py
[2024-12-26T19:30:58.079+0000] {processor.py:839} INFO - DAG(s) dict_keys(['user_automation']) retrieved from /opt/airflow/dags/kafka_stream.py
[2024-12-26T19:30:58.091+0000] {logging_mixin.py:151} INFO - [2024-12-26T19:30:58.091+0000] {dag.py:2907} INFO - Sync 1 DAGs
[2024-12-26T19:30:58.153+0000] {logging_mixin.py:151} INFO - [2024-12-26T19:30:58.153+0000] {dag.py:3677} INFO - Setting next_dagrun for user_automation to 2024-12-26T00:00:00+00:00, run_after=2024-12-27T00:00:00+00:00
[2024-12-26T19:30:58.158+0000] {processor.py:179} INFO - Processing /opt/airflow/dags/kafka_stream.py took 0.115 seconds
[2024-12-26T19:31:28.318+0000] {processor.py:157} INFO - Started process (PID=91) to work on /opt/airflow/dags/kafka_stream.py
[2024-12-26T19:31:28.318+0000] {processor.py:829} INFO - Processing file /opt/airflow/dags/kafka_stream.py for tasks to queue
[2024-12-26T19:31:28.319+0000] {logging_mixin.py:151} INFO - [2024-12-26T19:31:28.319+0000] {dagbag.py:539} INFO - Filling up the DagBag from /opt/airflow/dags/kafka_stream.py
[2024-12-26T19:31:28.349+0000] {processor.py:839} INFO - DAG(s) dict_keys(['user_automation']) retrieved from /opt/airflow/dags/kafka_stream.py
[2024-12-26T19:31:28.414+0000] {logging_mixin.py:151} INFO - [2024-12-26T19:31:28.414+0000] {dag.py:2907} INFO - Sync 1 DAGs
[2024-12-26T19:31:28.422+0000] {logging_mixin.py:151} INFO - [2024-12-26T19:31:28.422+0000] {dag.py:3677} INFO - Setting next_dagrun for user_automation to 2024-12-26T00:00:00+00:00, run_after=2024-12-27T00:00:00+00:00
[2024-12-26T19:31:28.428+0000] {processor.py:179} INFO - Processing /opt/airflow/dags/kafka_stream.py took 0.114 seconds
[2024-12-26T19:31:58.501+0000] {processor.py:157} INFO - Started process (PID=92) to work on /opt/airflow/dags/kafka_stream.py
[2024-12-26T19:31:58.502+0000] {processor.py:829} INFO - Processing file /opt/airflow/dags/kafka_stream.py for tasks to queue
[2024-12-26T19:31:58.502+0000] {logging_mixin.py:151} INFO - [2024-12-26T19:31:58.502+0000] {dagbag.py:539} INFO - Filling up the DagBag from /opt/airflow/dags/kafka_stream.py
[2024-12-26T19:31:58.532+0000] {processor.py:839} INFO - DAG(s) dict_keys(['user_automation']) retrieved from /opt/airflow/dags/kafka_stream.py
[2024-12-26T19:31:58.600+0000] {logging_mixin.py:151} INFO - [2024-12-26T19:31:58.600+0000] {dag.py:2907} INFO - Sync 1 DAGs
[2024-12-26T19:31:58.607+0000] {logging_mixin.py:151} INFO - [2024-12-26T19:31:58.607+0000] {dag.py:3677} INFO - Setting next_dagrun for user_automation to 2024-12-26T00:00:00+00:00, run_after=2024-12-27T00:00:00+00:00
[2024-12-26T19:31:58.612+0000] {processor.py:179} INFO - Processing /opt/airflow/dags/kafka_stream.py took 0.115 seconds
[2024-12-26T19:32:28.793+0000] {processor.py:157} INFO - Started process (PID=93) to work on /opt/airflow/dags/kafka_stream.py
[2024-12-26T19:32:28.793+0000] {processor.py:829} INFO - Processing file /opt/airflow/dags/kafka_stream.py for tasks to queue
[2024-12-26T19:32:28.794+0000] {logging_mixin.py:151} INFO - [2024-12-26T19:32:28.794+0000] {dagbag.py:539} INFO - Filling up the DagBag from /opt/airflow/dags/kafka_stream.py
[2024-12-26T19:32:28.877+0000] {processor.py:839} INFO - DAG(s) dict_keys(['user_automation']) retrieved from /opt/airflow/dags/kafka_stream.py
[2024-12-26T19:32:28.886+0000] {logging_mixin.py:151} INFO - [2024-12-26T19:32:28.886+0000] {dag.py:2907} INFO - Sync 1 DAGs
[2024-12-26T19:32:28.893+0000] {logging_mixin.py:151} INFO - [2024-12-26T19:32:28.893+0000] {dag.py:3677} INFO - Setting next_dagrun for user_automation to 2024-12-26T00:00:00+00:00, run_after=2024-12-27T00:00:00+00:00
[2024-12-26T19:32:28.898+0000] {processor.py:179} INFO - Processing /opt/airflow/dags/kafka_stream.py took 0.108 seconds
[2024-12-26T19:32:59.001+0000] {processor.py:157} INFO - Started process (PID=94) to work on /opt/airflow/dags/kafka_stream.py
[2024-12-26T19:32:59.002+0000] {processor.py:829} INFO - Processing file /opt/airflow/dags/kafka_stream.py for tasks to queue
[2024-12-26T19:32:59.002+0000] {logging_mixin.py:151} INFO - [2024-12-26T19:32:59.002+0000] {dagbag.py:539} INFO - Filling up the DagBag from /opt/airflow/dags/kafka_stream.py
[2024-12-26T19:32:59.033+0000] {processor.py:839} INFO - DAG(s) dict_keys(['user_automation']) retrieved from /opt/airflow/dags/kafka_stream.py
[2024-12-26T19:32:59.044+0000] {logging_mixin.py:151} INFO - [2024-12-26T19:32:59.044+0000] {dag.py:2907} INFO - Sync 1 DAGs
[2024-12-26T19:32:59.053+0000] {logging_mixin.py:151} INFO - [2024-12-26T19:32:59.053+0000] {dag.py:3677} INFO - Setting next_dagrun for user_automation to 2024-12-26T00:00:00+00:00, run_after=2024-12-27T00:00:00+00:00
[2024-12-26T19:32:59.108+0000] {processor.py:179} INFO - Processing /opt/airflow/dags/kafka_stream.py took 0.111 seconds
[2024-12-26T19:33:29.265+0000] {processor.py:157} INFO - Started process (PID=95) to work on /opt/airflow/dags/kafka_stream.py
[2024-12-26T19:33:29.266+0000] {processor.py:829} INFO - Processing file /opt/airflow/dags/kafka_stream.py for tasks to queue
[2024-12-26T19:33:29.268+0000] {logging_mixin.py:151} INFO - [2024-12-26T19:33:29.267+0000] {dagbag.py:539} INFO - Filling up the DagBag from /opt/airflow/dags/kafka_stream.py
[2024-12-26T19:33:29.298+0000] {processor.py:839} INFO - DAG(s) dict_keys(['user_automation']) retrieved from /opt/airflow/dags/kafka_stream.py
[2024-12-26T19:33:29.312+0000] {logging_mixin.py:151} INFO - [2024-12-26T19:33:29.312+0000] {dag.py:2907} INFO - Sync 1 DAGs
[2024-12-26T19:33:29.374+0000] {logging_mixin.py:151} INFO - [2024-12-26T19:33:29.374+0000] {dag.py:3677} INFO - Setting next_dagrun for user_automation to 2024-12-26T00:00:00+00:00, run_after=2024-12-27T00:00:00+00:00
[2024-12-26T19:33:29.380+0000] {processor.py:179} INFO - Processing /opt/airflow/dags/kafka_stream.py took 0.118 seconds
[2024-12-26T19:33:59.455+0000] {processor.py:157} INFO - Started process (PID=96) to work on /opt/airflow/dags/kafka_stream.py
[2024-12-26T19:33:59.456+0000] {processor.py:829} INFO - Processing file /opt/airflow/dags/kafka_stream.py for tasks to queue
[2024-12-26T19:33:59.457+0000] {logging_mixin.py:151} INFO - [2024-12-26T19:33:59.456+0000] {dagbag.py:539} INFO - Filling up the DagBag from /opt/airflow/dags/kafka_stream.py
[2024-12-26T19:33:59.483+0000] {processor.py:839} INFO - DAG(s) dict_keys(['user_automation']) retrieved from /opt/airflow/dags/kafka_stream.py
[2024-12-26T19:33:59.497+0000] {logging_mixin.py:151} INFO - [2024-12-26T19:33:59.497+0000] {dag.py:2907} INFO - Sync 1 DAGs
[2024-12-26T19:33:59.565+0000] {logging_mixin.py:151} INFO - [2024-12-26T19:33:59.565+0000] {dag.py:3677} INFO - Setting next_dagrun for user_automation to 2024-12-26T00:00:00+00:00, run_after=2024-12-27T00:00:00+00:00
[2024-12-26T19:33:59.571+0000] {processor.py:179} INFO - Processing /opt/airflow/dags/kafka_stream.py took 0.118 seconds
[2024-12-26T19:34:29.788+0000] {processor.py:157} INFO - Started process (PID=97) to work on /opt/airflow/dags/kafka_stream.py
[2024-12-26T19:34:29.789+0000] {processor.py:829} INFO - Processing file /opt/airflow/dags/kafka_stream.py for tasks to queue
[2024-12-26T19:34:29.790+0000] {logging_mixin.py:151} INFO - [2024-12-26T19:34:29.790+0000] {dagbag.py:539} INFO - Filling up the DagBag from /opt/airflow/dags/kafka_stream.py
[2024-12-26T19:34:29.826+0000] {processor.py:839} INFO - DAG(s) dict_keys(['user_automation']) retrieved from /opt/airflow/dags/kafka_stream.py
[2024-12-26T19:34:29.906+0000] {logging_mixin.py:151} INFO - [2024-12-26T19:34:29.906+0000] {dag.py:2907} INFO - Sync 1 DAGs
[2024-12-26T19:34:29.914+0000] {logging_mixin.py:151} INFO - [2024-12-26T19:34:29.914+0000] {dag.py:3677} INFO - Setting next_dagrun for user_automation to 2024-12-26T00:00:00+00:00, run_after=2024-12-27T00:00:00+00:00
[2024-12-26T19:34:29.920+0000] {processor.py:179} INFO - Processing /opt/airflow/dags/kafka_stream.py took 0.135 seconds
[2024-12-26T19:34:59.999+0000] {processor.py:157} INFO - Started process (PID=98) to work on /opt/airflow/dags/kafka_stream.py
[2024-12-26T19:34:59.999+0000] {processor.py:829} INFO - Processing file /opt/airflow/dags/kafka_stream.py for tasks to queue
[2024-12-26T19:35:00.000+0000] {logging_mixin.py:151} INFO - [2024-12-26T19:35:00.000+0000] {dagbag.py:539} INFO - Filling up the DagBag from /opt/airflow/dags/kafka_stream.py
[2024-12-26T19:35:00.108+0000] {processor.py:839} INFO - DAG(s) dict_keys(['user_automation']) retrieved from /opt/airflow/dags/kafka_stream.py
[2024-12-26T19:35:00.117+0000] {logging_mixin.py:151} INFO - [2024-12-26T19:35:00.117+0000] {dag.py:2907} INFO - Sync 1 DAGs
[2024-12-26T19:35:00.125+0000] {logging_mixin.py:151} INFO - [2024-12-26T19:35:00.125+0000] {dag.py:3677} INFO - Setting next_dagrun for user_automation to 2024-12-26T00:00:00+00:00, run_after=2024-12-27T00:00:00+00:00
[2024-12-26T19:35:00.130+0000] {processor.py:179} INFO - Processing /opt/airflow/dags/kafka_stream.py took 0.135 seconds
[2024-12-26T19:35:30.327+0000] {processor.py:157} INFO - Started process (PID=99) to work on /opt/airflow/dags/kafka_stream.py
[2024-12-26T19:35:30.328+0000] {processor.py:829} INFO - Processing file /opt/airflow/dags/kafka_stream.py for tasks to queue
[2024-12-26T19:35:30.329+0000] {logging_mixin.py:151} INFO - [2024-12-26T19:35:30.328+0000] {dagbag.py:539} INFO - Filling up the DagBag from /opt/airflow/dags/kafka_stream.py
[2024-12-26T19:35:30.430+0000] {processor.py:839} INFO - DAG(s) dict_keys(['user_automation']) retrieved from /opt/airflow/dags/kafka_stream.py
[2024-12-26T19:35:30.438+0000] {logging_mixin.py:151} INFO - [2024-12-26T19:35:30.438+0000] {dag.py:2907} INFO - Sync 1 DAGs
[2024-12-26T19:35:30.446+0000] {logging_mixin.py:151} INFO - [2024-12-26T19:35:30.446+0000] {dag.py:3677} INFO - Setting next_dagrun for user_automation to 2024-12-26T00:00:00+00:00, run_after=2024-12-27T00:00:00+00:00
[2024-12-26T19:35:30.452+0000] {processor.py:179} INFO - Processing /opt/airflow/dags/kafka_stream.py took 0.127 seconds
[2024-12-26T19:36:00.547+0000] {processor.py:157} INFO - Started process (PID=100) to work on /opt/airflow/dags/kafka_stream.py
[2024-12-26T19:36:00.548+0000] {processor.py:829} INFO - Processing file /opt/airflow/dags/kafka_stream.py for tasks to queue
[2024-12-26T19:36:00.548+0000] {logging_mixin.py:151} INFO - [2024-12-26T19:36:00.548+0000] {dagbag.py:539} INFO - Filling up the DagBag from /opt/airflow/dags/kafka_stream.py
[2024-12-26T19:36:00.578+0000] {processor.py:839} INFO - DAG(s) dict_keys(['user_automation']) retrieved from /opt/airflow/dags/kafka_stream.py
[2024-12-26T19:36:00.590+0000] {logging_mixin.py:151} INFO - [2024-12-26T19:36:00.590+0000] {dag.py:2907} INFO - Sync 1 DAGs
[2024-12-26T19:36:00.649+0000] {logging_mixin.py:151} INFO - [2024-12-26T19:36:00.649+0000] {dag.py:3677} INFO - Setting next_dagrun for user_automation to 2024-12-26T00:00:00+00:00, run_after=2024-12-27T00:00:00+00:00
[2024-12-26T19:36:00.655+0000] {processor.py:179} INFO - Processing /opt/airflow/dags/kafka_stream.py took 0.112 seconds
[2024-12-26T19:36:30.849+0000] {processor.py:157} INFO - Started process (PID=101) to work on /opt/airflow/dags/kafka_stream.py
[2024-12-26T19:36:30.850+0000] {processor.py:829} INFO - Processing file /opt/airflow/dags/kafka_stream.py for tasks to queue
[2024-12-26T19:36:30.851+0000] {logging_mixin.py:151} INFO - [2024-12-26T19:36:30.851+0000] {dagbag.py:539} INFO - Filling up the DagBag from /opt/airflow/dags/kafka_stream.py
[2024-12-26T19:36:30.882+0000] {processor.py:839} INFO - DAG(s) dict_keys(['user_automation']) retrieved from /opt/airflow/dags/kafka_stream.py
[2024-12-26T19:36:30.895+0000] {logging_mixin.py:151} INFO - [2024-12-26T19:36:30.895+0000] {dag.py:2907} INFO - Sync 1 DAGs
[2024-12-26T19:36:30.964+0000] {logging_mixin.py:151} INFO - [2024-12-26T19:36:30.964+0000] {dag.py:3677} INFO - Setting next_dagrun for user_automation to 2024-12-26T00:00:00+00:00, run_after=2024-12-27T00:00:00+00:00
[2024-12-26T19:36:30.970+0000] {processor.py:179} INFO - Processing /opt/airflow/dags/kafka_stream.py took 0.124 seconds
[2024-12-26T19:37:01.068+0000] {processor.py:157} INFO - Started process (PID=102) to work on /opt/airflow/dags/kafka_stream.py
[2024-12-26T19:37:01.068+0000] {processor.py:829} INFO - Processing file /opt/airflow/dags/kafka_stream.py for tasks to queue
[2024-12-26T19:37:01.069+0000] {logging_mixin.py:151} INFO - [2024-12-26T19:37:01.069+0000] {dagbag.py:539} INFO - Filling up the DagBag from /opt/airflow/dags/kafka_stream.py
[2024-12-26T19:37:01.099+0000] {processor.py:839} INFO - DAG(s) dict_keys(['user_automation']) retrieved from /opt/airflow/dags/kafka_stream.py
[2024-12-26T19:37:01.181+0000] {logging_mixin.py:151} INFO - [2024-12-26T19:37:01.181+0000] {dag.py:2907} INFO - Sync 1 DAGs
[2024-12-26T19:37:01.191+0000] {logging_mixin.py:151} INFO - [2024-12-26T19:37:01.191+0000] {dag.py:3677} INFO - Setting next_dagrun for user_automation to 2024-12-26T00:00:00+00:00, run_after=2024-12-27T00:00:00+00:00
[2024-12-26T19:37:01.198+0000] {processor.py:179} INFO - Processing /opt/airflow/dags/kafka_stream.py took 0.133 seconds
[2024-12-26T19:37:31.343+0000] {processor.py:157} INFO - Started process (PID=103) to work on /opt/airflow/dags/kafka_stream.py
[2024-12-26T19:37:31.345+0000] {processor.py:829} INFO - Processing file /opt/airflow/dags/kafka_stream.py for tasks to queue
[2024-12-26T19:37:31.347+0000] {logging_mixin.py:151} INFO - [2024-12-26T19:37:31.346+0000] {dagbag.py:539} INFO - Filling up the DagBag from /opt/airflow/dags/kafka_stream.py
[2024-12-26T19:37:31.434+0000] {processor.py:839} INFO - DAG(s) dict_keys(['user_automation']) retrieved from /opt/airflow/dags/kafka_stream.py
[2024-12-26T19:37:31.443+0000] {logging_mixin.py:151} INFO - [2024-12-26T19:37:31.443+0000] {dag.py:2907} INFO - Sync 1 DAGs
[2024-12-26T19:37:31.451+0000] {logging_mixin.py:151} INFO - [2024-12-26T19:37:31.451+0000] {dag.py:3677} INFO - Setting next_dagrun for user_automation to 2024-12-26T00:00:00+00:00, run_after=2024-12-27T00:00:00+00:00
[2024-12-26T19:37:31.457+0000] {processor.py:179} INFO - Processing /opt/airflow/dags/kafka_stream.py took 0.117 seconds
[2024-12-26T19:38:01.551+0000] {processor.py:157} INFO - Started process (PID=104) to work on /opt/airflow/dags/kafka_stream.py
[2024-12-26T19:38:01.552+0000] {processor.py:829} INFO - Processing file /opt/airflow/dags/kafka_stream.py for tasks to queue
[2024-12-26T19:38:01.553+0000] {logging_mixin.py:151} INFO - [2024-12-26T19:38:01.552+0000] {dagbag.py:539} INFO - Filling up the DagBag from /opt/airflow/dags/kafka_stream.py
[2024-12-26T19:38:01.645+0000] {processor.py:839} INFO - DAG(s) dict_keys(['user_automation']) retrieved from /opt/airflow/dags/kafka_stream.py
[2024-12-26T19:38:01.654+0000] {logging_mixin.py:151} INFO - [2024-12-26T19:38:01.654+0000] {dag.py:2907} INFO - Sync 1 DAGs
[2024-12-26T19:38:01.661+0000] {logging_mixin.py:151} INFO - [2024-12-26T19:38:01.661+0000] {dag.py:3677} INFO - Setting next_dagrun for user_automation to 2024-12-26T00:00:00+00:00, run_after=2024-12-27T00:00:00+00:00
[2024-12-26T19:38:01.667+0000] {processor.py:179} INFO - Processing /opt/airflow/dags/kafka_stream.py took 0.119 seconds
[2024-12-26T19:38:31.864+0000] {processor.py:157} INFO - Started process (PID=105) to work on /opt/airflow/dags/kafka_stream.py
[2024-12-26T19:38:31.865+0000] {processor.py:829} INFO - Processing file /opt/airflow/dags/kafka_stream.py for tasks to queue
[2024-12-26T19:38:31.866+0000] {logging_mixin.py:151} INFO - [2024-12-26T19:38:31.865+0000] {dagbag.py:539} INFO - Filling up the DagBag from /opt/airflow/dags/kafka_stream.py
[2024-12-26T19:38:31.894+0000] {processor.py:839} INFO - DAG(s) dict_keys(['user_automation']) retrieved from /opt/airflow/dags/kafka_stream.py
[2024-12-26T19:38:31.905+0000] {logging_mixin.py:151} INFO - [2024-12-26T19:38:31.905+0000] {dag.py:2907} INFO - Sync 1 DAGs
[2024-12-26T19:38:31.969+0000] {logging_mixin.py:151} INFO - [2024-12-26T19:38:31.969+0000] {dag.py:3677} INFO - Setting next_dagrun for user_automation to 2024-12-26T00:00:00+00:00, run_after=2024-12-27T00:00:00+00:00
[2024-12-26T19:38:31.975+0000] {processor.py:179} INFO - Processing /opt/airflow/dags/kafka_stream.py took 0.114 seconds
[2024-12-26T19:39:02.085+0000] {processor.py:157} INFO - Started process (PID=106) to work on /opt/airflow/dags/kafka_stream.py
[2024-12-26T19:39:02.086+0000] {processor.py:829} INFO - Processing file /opt/airflow/dags/kafka_stream.py for tasks to queue
[2024-12-26T19:39:02.087+0000] {logging_mixin.py:151} INFO - [2024-12-26T19:39:02.086+0000] {dagbag.py:539} INFO - Filling up the DagBag from /opt/airflow/dags/kafka_stream.py
[2024-12-26T19:39:02.120+0000] {processor.py:839} INFO - DAG(s) dict_keys(['user_automation']) retrieved from /opt/airflow/dags/kafka_stream.py
[2024-12-26T19:39:02.133+0000] {logging_mixin.py:151} INFO - [2024-12-26T19:39:02.133+0000] {dag.py:2907} INFO - Sync 1 DAGs
[2024-12-26T19:39:02.203+0000] {logging_mixin.py:151} INFO - [2024-12-26T19:39:02.203+0000] {dag.py:3677} INFO - Setting next_dagrun for user_automation to 2024-12-26T00:00:00+00:00, run_after=2024-12-27T00:00:00+00:00
[2024-12-26T19:39:02.209+0000] {processor.py:179} INFO - Processing /opt/airflow/dags/kafka_stream.py took 0.130 seconds
[2024-12-26T19:39:32.376+0000] {processor.py:157} INFO - Started process (PID=107) to work on /opt/airflow/dags/kafka_stream.py
[2024-12-26T19:39:32.377+0000] {processor.py:829} INFO - Processing file /opt/airflow/dags/kafka_stream.py for tasks to queue
[2024-12-26T19:39:32.377+0000] {logging_mixin.py:151} INFO - [2024-12-26T19:39:32.377+0000] {dagbag.py:539} INFO - Filling up the DagBag from /opt/airflow/dags/kafka_stream.py
[2024-12-26T19:39:32.398+0000] {processor.py:839} INFO - DAG(s) dict_keys(['user_automation']) retrieved from /opt/airflow/dags/kafka_stream.py
[2024-12-26T19:39:32.469+0000] {logging_mixin.py:151} INFO - [2024-12-26T19:39:32.469+0000] {dag.py:2907} INFO - Sync 1 DAGs
[2024-12-26T19:39:32.477+0000] {logging_mixin.py:151} INFO - [2024-12-26T19:39:32.477+0000] {dag.py:3677} INFO - Setting next_dagrun for user_automation to 2024-12-26T00:00:00+00:00, run_after=2024-12-27T00:00:00+00:00
[2024-12-26T19:39:32.483+0000] {processor.py:179} INFO - Processing /opt/airflow/dags/kafka_stream.py took 0.109 seconds
[2024-12-26T19:40:02.592+0000] {processor.py:157} INFO - Started process (PID=108) to work on /opt/airflow/dags/kafka_stream.py
[2024-12-26T19:40:02.593+0000] {processor.py:829} INFO - Processing file /opt/airflow/dags/kafka_stream.py for tasks to queue
[2024-12-26T19:40:02.594+0000] {logging_mixin.py:151} INFO - [2024-12-26T19:40:02.594+0000] {dagbag.py:539} INFO - Filling up the DagBag from /opt/airflow/dags/kafka_stream.py
[2024-12-26T19:40:02.679+0000] {processor.py:839} INFO - DAG(s) dict_keys(['user_automation']) retrieved from /opt/airflow/dags/kafka_stream.py
[2024-12-26T19:40:02.689+0000] {logging_mixin.py:151} INFO - [2024-12-26T19:40:02.689+0000] {dag.py:2907} INFO - Sync 1 DAGs
[2024-12-26T19:40:02.697+0000] {logging_mixin.py:151} INFO - [2024-12-26T19:40:02.697+0000] {dag.py:3677} INFO - Setting next_dagrun for user_automation to 2024-12-26T00:00:00+00:00, run_after=2024-12-27T00:00:00+00:00
[2024-12-26T19:40:02.702+0000] {processor.py:179} INFO - Processing /opt/airflow/dags/kafka_stream.py took 0.115 seconds
[2024-12-26T19:40:32.865+0000] {processor.py:157} INFO - Started process (PID=109) to work on /opt/airflow/dags/kafka_stream.py
[2024-12-26T19:40:32.866+0000] {processor.py:829} INFO - Processing file /opt/airflow/dags/kafka_stream.py for tasks to queue
[2024-12-26T19:40:32.866+0000] {logging_mixin.py:151} INFO - [2024-12-26T19:40:32.866+0000] {dagbag.py:539} INFO - Filling up the DagBag from /opt/airflow/dags/kafka_stream.py
[2024-12-26T19:40:32.966+0000] {processor.py:839} INFO - DAG(s) dict_keys(['user_automation']) retrieved from /opt/airflow/dags/kafka_stream.py
[2024-12-26T19:40:32.975+0000] {logging_mixin.py:151} INFO - [2024-12-26T19:40:32.975+0000] {dag.py:2907} INFO - Sync 1 DAGs
[2024-12-26T19:40:32.983+0000] {logging_mixin.py:151} INFO - [2024-12-26T19:40:32.982+0000] {dag.py:3677} INFO - Setting next_dagrun for user_automation to 2024-12-26T00:00:00+00:00, run_after=2024-12-27T00:00:00+00:00
[2024-12-26T19:40:32.988+0000] {processor.py:179} INFO - Processing /opt/airflow/dags/kafka_stream.py took 0.127 seconds
[2024-12-26T19:41:03.098+0000] {processor.py:157} INFO - Started process (PID=110) to work on /opt/airflow/dags/kafka_stream.py
[2024-12-26T19:41:03.099+0000] {processor.py:829} INFO - Processing file /opt/airflow/dags/kafka_stream.py for tasks to queue
[2024-12-26T19:41:03.100+0000] {logging_mixin.py:151} INFO - [2024-12-26T19:41:03.099+0000] {dagbag.py:539} INFO - Filling up the DagBag from /opt/airflow/dags/kafka_stream.py
[2024-12-26T19:41:03.188+0000] {processor.py:839} INFO - DAG(s) dict_keys(['user_automation']) retrieved from /opt/airflow/dags/kafka_stream.py
[2024-12-26T19:41:03.197+0000] {logging_mixin.py:151} INFO - [2024-12-26T19:41:03.197+0000] {dag.py:2907} INFO - Sync 1 DAGs
[2024-12-26T19:41:03.205+0000] {logging_mixin.py:151} INFO - [2024-12-26T19:41:03.205+0000] {dag.py:3677} INFO - Setting next_dagrun for user_automation to 2024-12-26T00:00:00+00:00, run_after=2024-12-27T00:00:00+00:00
[2024-12-26T19:41:03.210+0000] {processor.py:179} INFO - Processing /opt/airflow/dags/kafka_stream.py took 0.116 seconds
[2024-12-26T19:41:33.401+0000] {processor.py:157} INFO - Started process (PID=111) to work on /opt/airflow/dags/kafka_stream.py
[2024-12-26T19:41:33.401+0000] {processor.py:829} INFO - Processing file /opt/airflow/dags/kafka_stream.py for tasks to queue
[2024-12-26T19:41:33.402+0000] {logging_mixin.py:151} INFO - [2024-12-26T19:41:33.402+0000] {dagbag.py:539} INFO - Filling up the DagBag from /opt/airflow/dags/kafka_stream.py
[2024-12-26T19:41:33.431+0000] {processor.py:839} INFO - DAG(s) dict_keys(['user_automation']) retrieved from /opt/airflow/dags/kafka_stream.py
[2024-12-26T19:41:33.444+0000] {logging_mixin.py:151} INFO - [2024-12-26T19:41:33.444+0000] {dag.py:2907} INFO - Sync 1 DAGs
[2024-12-26T19:41:33.524+0000] {logging_mixin.py:151} INFO - [2024-12-26T19:41:33.524+0000] {dag.py:3677} INFO - Setting next_dagrun for user_automation to 2024-12-26T00:00:00+00:00, run_after=2024-12-27T00:00:00+00:00
[2024-12-26T19:41:33.531+0000] {processor.py:179} INFO - Processing /opt/airflow/dags/kafka_stream.py took 0.133 seconds
[2024-12-26T19:42:03.610+0000] {processor.py:157} INFO - Started process (PID=112) to work on /opt/airflow/dags/kafka_stream.py
[2024-12-26T19:42:03.610+0000] {processor.py:829} INFO - Processing file /opt/airflow/dags/kafka_stream.py for tasks to queue
[2024-12-26T19:42:03.611+0000] {logging_mixin.py:151} INFO - [2024-12-26T19:42:03.611+0000] {dagbag.py:539} INFO - Filling up the DagBag from /opt/airflow/dags/kafka_stream.py
[2024-12-26T19:42:03.637+0000] {processor.py:839} INFO - DAG(s) dict_keys(['user_automation']) retrieved from /opt/airflow/dags/kafka_stream.py
[2024-12-26T19:42:03.708+0000] {logging_mixin.py:151} INFO - [2024-12-26T19:42:03.708+0000] {dag.py:2907} INFO - Sync 1 DAGs
[2024-12-26T19:42:03.716+0000] {logging_mixin.py:151} INFO - [2024-12-26T19:42:03.715+0000] {dag.py:3677} INFO - Setting next_dagrun for user_automation to 2024-12-26T00:00:00+00:00, run_after=2024-12-27T00:00:00+00:00
[2024-12-26T19:42:03.721+0000] {processor.py:179} INFO - Processing /opt/airflow/dags/kafka_stream.py took 0.114 seconds
[2024-12-26T19:42:33.921+0000] {processor.py:157} INFO - Started process (PID=113) to work on /opt/airflow/dags/kafka_stream.py
[2024-12-26T19:42:33.922+0000] {processor.py:829} INFO - Processing file /opt/airflow/dags/kafka_stream.py for tasks to queue
[2024-12-26T19:42:33.923+0000] {logging_mixin.py:151} INFO - [2024-12-26T19:42:33.922+0000] {dagbag.py:539} INFO - Filling up the DagBag from /opt/airflow/dags/kafka_stream.py
[2024-12-26T19:42:33.952+0000] {processor.py:839} INFO - DAG(s) dict_keys(['user_automation']) retrieved from /opt/airflow/dags/kafka_stream.py
[2024-12-26T19:42:34.022+0000] {logging_mixin.py:151} INFO - [2024-12-26T19:42:34.022+0000] {dag.py:2907} INFO - Sync 1 DAGs
[2024-12-26T19:42:34.030+0000] {logging_mixin.py:151} INFO - [2024-12-26T19:42:34.029+0000] {dag.py:3677} INFO - Setting next_dagrun for user_automation to 2024-12-26T00:00:00+00:00, run_after=2024-12-27T00:00:00+00:00
[2024-12-26T19:42:34.035+0000] {processor.py:179} INFO - Processing /opt/airflow/dags/kafka_stream.py took 0.118 seconds
[2024-12-26T19:43:04.135+0000] {processor.py:157} INFO - Started process (PID=114) to work on /opt/airflow/dags/kafka_stream.py
[2024-12-26T19:43:04.136+0000] {processor.py:829} INFO - Processing file /opt/airflow/dags/kafka_stream.py for tasks to queue
[2024-12-26T19:43:04.137+0000] {logging_mixin.py:151} INFO - [2024-12-26T19:43:04.137+0000] {dagbag.py:539} INFO - Filling up the DagBag from /opt/airflow/dags/kafka_stream.py
[2024-12-26T19:43:04.223+0000] {processor.py:839} INFO - DAG(s) dict_keys(['user_automation']) retrieved from /opt/airflow/dags/kafka_stream.py
[2024-12-26T19:43:04.232+0000] {logging_mixin.py:151} INFO - [2024-12-26T19:43:04.232+0000] {dag.py:2907} INFO - Sync 1 DAGs
[2024-12-26T19:43:04.239+0000] {logging_mixin.py:151} INFO - [2024-12-26T19:43:04.239+0000] {dag.py:3677} INFO - Setting next_dagrun for user_automation to 2024-12-26T00:00:00+00:00, run_after=2024-12-27T00:00:00+00:00
[2024-12-26T19:43:04.245+0000] {processor.py:179} INFO - Processing /opt/airflow/dags/kafka_stream.py took 0.113 seconds
[2024-12-26T19:43:34.437+0000] {processor.py:157} INFO - Started process (PID=115) to work on /opt/airflow/dags/kafka_stream.py
[2024-12-26T19:43:34.438+0000] {processor.py:829} INFO - Processing file /opt/airflow/dags/kafka_stream.py for tasks to queue
[2024-12-26T19:43:34.439+0000] {logging_mixin.py:151} INFO - [2024-12-26T19:43:34.439+0000] {dagbag.py:539} INFO - Filling up the DagBag from /opt/airflow/dags/kafka_stream.py
[2024-12-26T19:43:34.527+0000] {processor.py:839} INFO - DAG(s) dict_keys(['user_automation']) retrieved from /opt/airflow/dags/kafka_stream.py
[2024-12-26T19:43:34.536+0000] {logging_mixin.py:151} INFO - [2024-12-26T19:43:34.536+0000] {dag.py:2907} INFO - Sync 1 DAGs
[2024-12-26T19:43:34.545+0000] {logging_mixin.py:151} INFO - [2024-12-26T19:43:34.545+0000] {dag.py:3677} INFO - Setting next_dagrun for user_automation to 2024-12-26T00:00:00+00:00, run_after=2024-12-27T00:00:00+00:00
[2024-12-26T19:43:34.551+0000] {processor.py:179} INFO - Processing /opt/airflow/dags/kafka_stream.py took 0.117 seconds
[2024-12-26T19:44:04.665+0000] {processor.py:157} INFO - Started process (PID=116) to work on /opt/airflow/dags/kafka_stream.py
[2024-12-26T19:44:04.666+0000] {processor.py:829} INFO - Processing file /opt/airflow/dags/kafka_stream.py for tasks to queue
[2024-12-26T19:44:04.667+0000] {logging_mixin.py:151} INFO - [2024-12-26T19:44:04.666+0000] {dagbag.py:539} INFO - Filling up the DagBag from /opt/airflow/dags/kafka_stream.py
[2024-12-26T19:44:04.696+0000] {processor.py:839} INFO - DAG(s) dict_keys(['user_automation']) retrieved from /opt/airflow/dags/kafka_stream.py
[2024-12-26T19:44:04.707+0000] {logging_mixin.py:151} INFO - [2024-12-26T19:44:04.707+0000] {dag.py:2907} INFO - Sync 1 DAGs
[2024-12-26T19:44:04.788+0000] {logging_mixin.py:151} INFO - [2024-12-26T19:44:04.788+0000] {dag.py:3677} INFO - Setting next_dagrun for user_automation to 2024-12-26T00:00:00+00:00, run_after=2024-12-27T00:00:00+00:00
[2024-12-26T19:44:04.794+0000] {processor.py:179} INFO - Processing /opt/airflow/dags/kafka_stream.py took 0.133 seconds
[2024-12-26T19:44:34.961+0000] {processor.py:157} INFO - Started process (PID=117) to work on /opt/airflow/dags/kafka_stream.py
[2024-12-26T19:44:34.961+0000] {processor.py:829} INFO - Processing file /opt/airflow/dags/kafka_stream.py for tasks to queue
[2024-12-26T19:44:34.962+0000] {logging_mixin.py:151} INFO - [2024-12-26T19:44:34.962+0000] {dagbag.py:539} INFO - Filling up the DagBag from /opt/airflow/dags/kafka_stream.py
[2024-12-26T19:44:34.986+0000] {processor.py:839} INFO - DAG(s) dict_keys(['user_automation']) retrieved from /opt/airflow/dags/kafka_stream.py
[2024-12-26T19:44:34.999+0000] {logging_mixin.py:151} INFO - [2024-12-26T19:44:34.998+0000] {dag.py:2907} INFO - Sync 1 DAGs
[2024-12-26T19:44:35.067+0000] {logging_mixin.py:151} INFO - [2024-12-26T19:44:35.067+0000] {dag.py:3677} INFO - Setting next_dagrun for user_automation to 2024-12-26T00:00:00+00:00, run_after=2024-12-27T00:00:00+00:00
[2024-12-26T19:44:35.073+0000] {processor.py:179} INFO - Processing /opt/airflow/dags/kafka_stream.py took 0.115 seconds
[2024-12-26T19:45:05.187+0000] {processor.py:157} INFO - Started process (PID=118) to work on /opt/airflow/dags/kafka_stream.py
[2024-12-26T19:45:05.189+0000] {processor.py:829} INFO - Processing file /opt/airflow/dags/kafka_stream.py for tasks to queue
[2024-12-26T19:45:05.189+0000] {logging_mixin.py:151} INFO - [2024-12-26T19:45:05.189+0000] {dagbag.py:539} INFO - Filling up the DagBag from /opt/airflow/dags/kafka_stream.py
[2024-12-26T19:45:05.222+0000] {processor.py:839} INFO - DAG(s) dict_keys(['user_automation']) retrieved from /opt/airflow/dags/kafka_stream.py
[2024-12-26T19:45:05.295+0000] {logging_mixin.py:151} INFO - [2024-12-26T19:45:05.295+0000] {dag.py:2907} INFO - Sync 1 DAGs
[2024-12-26T19:45:05.302+0000] {logging_mixin.py:151} INFO - [2024-12-26T19:45:05.302+0000] {dag.py:3677} INFO - Setting next_dagrun for user_automation to 2024-12-26T00:00:00+00:00, run_after=2024-12-27T00:00:00+00:00
[2024-12-26T19:45:05.307+0000] {processor.py:179} INFO - Processing /opt/airflow/dags/kafka_stream.py took 0.125 seconds
[2024-12-26T19:45:35.471+0000] {processor.py:157} INFO - Started process (PID=119) to work on /opt/airflow/dags/kafka_stream.py
[2024-12-26T19:45:35.472+0000] {processor.py:829} INFO - Processing file /opt/airflow/dags/kafka_stream.py for tasks to queue
[2024-12-26T19:45:35.473+0000] {logging_mixin.py:151} INFO - [2024-12-26T19:45:35.473+0000] {dagbag.py:539} INFO - Filling up the DagBag from /opt/airflow/dags/kafka_stream.py
[2024-12-26T19:45:35.559+0000] {processor.py:839} INFO - DAG(s) dict_keys(['user_automation']) retrieved from /opt/airflow/dags/kafka_stream.py
[2024-12-26T19:45:35.568+0000] {logging_mixin.py:151} INFO - [2024-12-26T19:45:35.568+0000] {dag.py:2907} INFO - Sync 1 DAGs
[2024-12-26T19:45:35.575+0000] {logging_mixin.py:151} INFO - [2024-12-26T19:45:35.575+0000] {dag.py:3677} INFO - Setting next_dagrun for user_automation to 2024-12-26T00:00:00+00:00, run_after=2024-12-27T00:00:00+00:00
[2024-12-26T19:45:35.581+0000] {processor.py:179} INFO - Processing /opt/airflow/dags/kafka_stream.py took 0.114 seconds
[2024-12-26T19:46:05.698+0000] {processor.py:157} INFO - Started process (PID=120) to work on /opt/airflow/dags/kafka_stream.py
[2024-12-26T19:46:05.699+0000] {processor.py:829} INFO - Processing file /opt/airflow/dags/kafka_stream.py for tasks to queue
[2024-12-26T19:46:05.700+0000] {logging_mixin.py:151} INFO - [2024-12-26T19:46:05.699+0000] {dagbag.py:539} INFO - Filling up the DagBag from /opt/airflow/dags/kafka_stream.py
[2024-12-26T19:46:05.789+0000] {processor.py:839} INFO - DAG(s) dict_keys(['user_automation']) retrieved from /opt/airflow/dags/kafka_stream.py
[2024-12-26T19:46:05.798+0000] {logging_mixin.py:151} INFO - [2024-12-26T19:46:05.798+0000] {dag.py:2907} INFO - Sync 1 DAGs
[2024-12-26T19:46:05.806+0000] {logging_mixin.py:151} INFO - [2024-12-26T19:46:05.806+0000] {dag.py:3677} INFO - Setting next_dagrun for user_automation to 2024-12-26T00:00:00+00:00, run_after=2024-12-27T00:00:00+00:00
[2024-12-26T19:46:05.812+0000] {processor.py:179} INFO - Processing /opt/airflow/dags/kafka_stream.py took 0.118 seconds
[2024-12-26T19:46:35.995+0000] {processor.py:157} INFO - Started process (PID=121) to work on /opt/airflow/dags/kafka_stream.py
[2024-12-26T19:46:35.996+0000] {processor.py:829} INFO - Processing file /opt/airflow/dags/kafka_stream.py for tasks to queue
[2024-12-26T19:46:35.997+0000] {logging_mixin.py:151} INFO - [2024-12-26T19:46:35.996+0000] {dagbag.py:539} INFO - Filling up the DagBag from /opt/airflow/dags/kafka_stream.py
[2024-12-26T19:46:36.022+0000] {processor.py:839} INFO - DAG(s) dict_keys(['user_automation']) retrieved from /opt/airflow/dags/kafka_stream.py
[2024-12-26T19:46:36.034+0000] {logging_mixin.py:151} INFO - [2024-12-26T19:46:36.034+0000] {dag.py:2907} INFO - Sync 1 DAGs
[2024-12-26T19:46:36.102+0000] {logging_mixin.py:151} INFO - [2024-12-26T19:46:36.102+0000] {dag.py:3677} INFO - Setting next_dagrun for user_automation to 2024-12-26T00:00:00+00:00, run_after=2024-12-27T00:00:00+00:00
[2024-12-26T19:46:36.108+0000] {processor.py:179} INFO - Processing /opt/airflow/dags/kafka_stream.py took 0.115 seconds
[2024-12-26T19:47:06.206+0000] {processor.py:157} INFO - Started process (PID=122) to work on /opt/airflow/dags/kafka_stream.py
[2024-12-26T19:47:06.207+0000] {processor.py:829} INFO - Processing file /opt/airflow/dags/kafka_stream.py for tasks to queue
[2024-12-26T19:47:06.208+0000] {logging_mixin.py:151} INFO - [2024-12-26T19:47:06.208+0000] {dagbag.py:539} INFO - Filling up the DagBag from /opt/airflow/dags/kafka_stream.py
[2024-12-26T19:47:06.238+0000] {processor.py:839} INFO - DAG(s) dict_keys(['user_automation']) retrieved from /opt/airflow/dags/kafka_stream.py
[2024-12-26T19:47:06.250+0000] {logging_mixin.py:151} INFO - [2024-12-26T19:47:06.250+0000] {dag.py:2907} INFO - Sync 1 DAGs
[2024-12-26T19:47:06.314+0000] {logging_mixin.py:151} INFO - [2024-12-26T19:47:06.313+0000] {dag.py:3677} INFO - Setting next_dagrun for user_automation to 2024-12-26T00:00:00+00:00, run_after=2024-12-27T00:00:00+00:00
[2024-12-26T19:47:06.319+0000] {processor.py:179} INFO - Processing /opt/airflow/dags/kafka_stream.py took 0.116 seconds
[2024-12-26T19:47:36.459+0000] {processor.py:157} INFO - Started process (PID=123) to work on /opt/airflow/dags/kafka_stream.py
[2024-12-26T19:47:36.460+0000] {processor.py:829} INFO - Processing file /opt/airflow/dags/kafka_stream.py for tasks to queue
[2024-12-26T19:47:36.460+0000] {logging_mixin.py:151} INFO - [2024-12-26T19:47:36.460+0000] {dagbag.py:539} INFO - Filling up the DagBag from /opt/airflow/dags/kafka_stream.py
[2024-12-26T19:47:36.487+0000] {processor.py:839} INFO - DAG(s) dict_keys(['user_automation']) retrieved from /opt/airflow/dags/kafka_stream.py
[2024-12-26T19:47:36.567+0000] {logging_mixin.py:151} INFO - [2024-12-26T19:47:36.567+0000] {dag.py:2907} INFO - Sync 1 DAGs
[2024-12-26T19:47:36.575+0000] {logging_mixin.py:151} INFO - [2024-12-26T19:47:36.575+0000] {dag.py:3677} INFO - Setting next_dagrun for user_automation to 2024-12-26T00:00:00+00:00, run_after=2024-12-27T00:00:00+00:00
[2024-12-26T19:47:36.581+0000] {processor.py:179} INFO - Processing /opt/airflow/dags/kafka_stream.py took 0.124 seconds
[2024-12-26T19:48:06.700+0000] {processor.py:157} INFO - Started process (PID=124) to work on /opt/airflow/dags/kafka_stream.py
[2024-12-26T19:48:06.700+0000] {processor.py:829} INFO - Processing file /opt/airflow/dags/kafka_stream.py for tasks to queue
[2024-12-26T19:48:06.701+0000] {logging_mixin.py:151} INFO - [2024-12-26T19:48:06.701+0000] {dagbag.py:539} INFO - Filling up the DagBag from /opt/airflow/dags/kafka_stream.py
[2024-12-26T19:48:06.793+0000] {processor.py:839} INFO - DAG(s) dict_keys(['user_automation']) retrieved from /opt/airflow/dags/kafka_stream.py
[2024-12-26T19:48:06.802+0000] {logging_mixin.py:151} INFO - [2024-12-26T19:48:06.802+0000] {dag.py:2907} INFO - Sync 1 DAGs
[2024-12-26T19:48:06.809+0000] {logging_mixin.py:151} INFO - [2024-12-26T19:48:06.809+0000] {dag.py:3677} INFO - Setting next_dagrun for user_automation to 2024-12-26T00:00:00+00:00, run_after=2024-12-27T00:00:00+00:00
[2024-12-26T19:48:06.815+0000] {processor.py:179} INFO - Processing /opt/airflow/dags/kafka_stream.py took 0.119 seconds
[2024-12-26T19:48:36.959+0000] {processor.py:157} INFO - Started process (PID=125) to work on /opt/airflow/dags/kafka_stream.py
[2024-12-26T19:48:36.960+0000] {processor.py:829} INFO - Processing file /opt/airflow/dags/kafka_stream.py for tasks to queue
[2024-12-26T19:48:36.961+0000] {logging_mixin.py:151} INFO - [2024-12-26T19:48:36.961+0000] {dagbag.py:539} INFO - Filling up the DagBag from /opt/airflow/dags/kafka_stream.py
[2024-12-26T19:48:37.054+0000] {processor.py:839} INFO - DAG(s) dict_keys(['user_automation']) retrieved from /opt/airflow/dags/kafka_stream.py
[2024-12-26T19:48:37.068+0000] {logging_mixin.py:151} INFO - [2024-12-26T19:48:37.068+0000] {dag.py:2907} INFO - Sync 1 DAGs
[2024-12-26T19:48:37.078+0000] {logging_mixin.py:151} INFO - [2024-12-26T19:48:37.078+0000] {dag.py:3677} INFO - Setting next_dagrun for user_automation to 2024-12-26T00:00:00+00:00, run_after=2024-12-27T00:00:00+00:00
[2024-12-26T19:48:37.084+0000] {processor.py:179} INFO - Processing /opt/airflow/dags/kafka_stream.py took 0.129 seconds
[2024-12-26T19:49:07.177+0000] {processor.py:157} INFO - Started process (PID=126) to work on /opt/airflow/dags/kafka_stream.py
[2024-12-26T19:49:07.177+0000] {processor.py:829} INFO - Processing file /opt/airflow/dags/kafka_stream.py for tasks to queue
[2024-12-26T19:49:07.178+0000] {logging_mixin.py:151} INFO - [2024-12-26T19:49:07.178+0000] {dagbag.py:539} INFO - Filling up the DagBag from /opt/airflow/dags/kafka_stream.py
[2024-12-26T19:49:07.268+0000] {processor.py:839} INFO - DAG(s) dict_keys(['user_automation']) retrieved from /opt/airflow/dags/kafka_stream.py
[2024-12-26T19:49:07.277+0000] {logging_mixin.py:151} INFO - [2024-12-26T19:49:07.277+0000] {dag.py:2907} INFO - Sync 1 DAGs
[2024-12-26T19:49:07.285+0000] {logging_mixin.py:151} INFO - [2024-12-26T19:49:07.285+0000] {dag.py:3677} INFO - Setting next_dagrun for user_automation to 2024-12-26T00:00:00+00:00, run_after=2024-12-27T00:00:00+00:00
[2024-12-26T19:49:07.290+0000] {processor.py:179} INFO - Processing /opt/airflow/dags/kafka_stream.py took 0.116 seconds
[2024-12-26T19:49:37.436+0000] {processor.py:157} INFO - Started process (PID=127) to work on /opt/airflow/dags/kafka_stream.py
[2024-12-26T19:49:37.437+0000] {processor.py:829} INFO - Processing file /opt/airflow/dags/kafka_stream.py for tasks to queue
[2024-12-26T19:49:37.437+0000] {logging_mixin.py:151} INFO - [2024-12-26T19:49:37.437+0000] {dagbag.py:539} INFO - Filling up the DagBag from /opt/airflow/dags/kafka_stream.py
[2024-12-26T19:49:37.465+0000] {processor.py:839} INFO - DAG(s) dict_keys(['user_automation']) retrieved from /opt/airflow/dags/kafka_stream.py
[2024-12-26T19:49:37.478+0000] {logging_mixin.py:151} INFO - [2024-12-26T19:49:37.477+0000] {dag.py:2907} INFO - Sync 1 DAGs
[2024-12-26T19:49:37.542+0000] {logging_mixin.py:151} INFO - [2024-12-26T19:49:37.542+0000] {dag.py:3677} INFO - Setting next_dagrun for user_automation to 2024-12-26T00:00:00+00:00, run_after=2024-12-27T00:00:00+00:00
[2024-12-26T19:49:37.548+0000] {processor.py:179} INFO - Processing /opt/airflow/dags/kafka_stream.py took 0.116 seconds
[2024-12-26T19:50:07.658+0000] {processor.py:157} INFO - Started process (PID=128) to work on /opt/airflow/dags/kafka_stream.py
[2024-12-26T19:50:07.659+0000] {processor.py:829} INFO - Processing file /opt/airflow/dags/kafka_stream.py for tasks to queue
[2024-12-26T19:50:07.659+0000] {logging_mixin.py:151} INFO - [2024-12-26T19:50:07.659+0000] {dagbag.py:539} INFO - Filling up the DagBag from /opt/airflow/dags/kafka_stream.py
[2024-12-26T19:50:07.692+0000] {processor.py:839} INFO - DAG(s) dict_keys(['user_automation']) retrieved from /opt/airflow/dags/kafka_stream.py
[2024-12-26T19:50:07.757+0000] {logging_mixin.py:151} INFO - [2024-12-26T19:50:07.757+0000] {dag.py:2907} INFO - Sync 1 DAGs
[2024-12-26T19:50:07.765+0000] {logging_mixin.py:151} INFO - [2024-12-26T19:50:07.765+0000] {dag.py:3677} INFO - Setting next_dagrun for user_automation to 2024-12-26T00:00:00+00:00, run_after=2024-12-27T00:00:00+00:00
[2024-12-26T19:50:07.770+0000] {processor.py:179} INFO - Processing /opt/airflow/dags/kafka_stream.py took 0.114 seconds
[2024-12-26T19:50:37.893+0000] {processor.py:157} INFO - Started process (PID=129) to work on /opt/airflow/dags/kafka_stream.py
[2024-12-26T19:50:37.894+0000] {processor.py:829} INFO - Processing file /opt/airflow/dags/kafka_stream.py for tasks to queue
[2024-12-26T19:50:37.894+0000] {logging_mixin.py:151} INFO - [2024-12-26T19:50:37.894+0000] {dagbag.py:539} INFO - Filling up the DagBag from /opt/airflow/dags/kafka_stream.py
[2024-12-26T19:50:37.965+0000] {processor.py:839} INFO - DAG(s) dict_keys(['user_automation']) retrieved from /opt/airflow/dags/kafka_stream.py
[2024-12-26T19:50:37.974+0000] {logging_mixin.py:151} INFO - [2024-12-26T19:50:37.974+0000] {dag.py:2907} INFO - Sync 1 DAGs
[2024-12-26T19:50:37.981+0000] {logging_mixin.py:151} INFO - [2024-12-26T19:50:37.980+0000] {dag.py:3677} INFO - Setting next_dagrun for user_automation to 2024-12-26T00:00:00+00:00, run_after=2024-12-27T00:00:00+00:00
[2024-12-26T19:50:37.986+0000] {processor.py:179} INFO - Processing /opt/airflow/dags/kafka_stream.py took 0.094 seconds
[2024-12-26T19:51:08.100+0000] {processor.py:157} INFO - Started process (PID=130) to work on /opt/airflow/dags/kafka_stream.py
[2024-12-26T19:51:08.100+0000] {processor.py:829} INFO - Processing file /opt/airflow/dags/kafka_stream.py for tasks to queue
[2024-12-26T19:51:08.101+0000] {logging_mixin.py:151} INFO - [2024-12-26T19:51:08.101+0000] {dagbag.py:539} INFO - Filling up the DagBag from /opt/airflow/dags/kafka_stream.py
[2024-12-26T19:51:08.182+0000] {processor.py:839} INFO - DAG(s) dict_keys(['user_automation']) retrieved from /opt/airflow/dags/kafka_stream.py
[2024-12-26T19:51:08.191+0000] {logging_mixin.py:151} INFO - [2024-12-26T19:51:08.191+0000] {dag.py:2907} INFO - Sync 1 DAGs
[2024-12-26T19:51:08.198+0000] {logging_mixin.py:151} INFO - [2024-12-26T19:51:08.197+0000] {dag.py:3677} INFO - Setting next_dagrun for user_automation to 2024-12-26T00:00:00+00:00, run_after=2024-12-27T00:00:00+00:00
[2024-12-26T19:51:08.203+0000] {processor.py:179} INFO - Processing /opt/airflow/dags/kafka_stream.py took 0.107 seconds
[2024-12-26T19:51:38.341+0000] {processor.py:157} INFO - Started process (PID=131) to work on /opt/airflow/dags/kafka_stream.py
[2024-12-26T19:51:38.342+0000] {processor.py:829} INFO - Processing file /opt/airflow/dags/kafka_stream.py for tasks to queue
[2024-12-26T19:51:38.342+0000] {logging_mixin.py:151} INFO - [2024-12-26T19:51:38.342+0000] {dagbag.py:539} INFO - Filling up the DagBag from /opt/airflow/dags/kafka_stream.py
[2024-12-26T19:51:38.425+0000] {processor.py:839} INFO - DAG(s) dict_keys(['user_automation']) retrieved from /opt/airflow/dags/kafka_stream.py
[2024-12-26T19:51:38.435+0000] {logging_mixin.py:151} INFO - [2024-12-26T19:51:38.435+0000] {dag.py:2907} INFO - Sync 1 DAGs
[2024-12-26T19:51:38.443+0000] {logging_mixin.py:151} INFO - [2024-12-26T19:51:38.443+0000] {dag.py:3677} INFO - Setting next_dagrun for user_automation to 2024-12-26T00:00:00+00:00, run_after=2024-12-27T00:00:00+00:00
[2024-12-26T19:51:38.448+0000] {processor.py:179} INFO - Processing /opt/airflow/dags/kafka_stream.py took 0.110 seconds
[2024-12-26T19:52:08.552+0000] {processor.py:157} INFO - Started process (PID=132) to work on /opt/airflow/dags/kafka_stream.py
[2024-12-26T19:52:08.552+0000] {processor.py:829} INFO - Processing file /opt/airflow/dags/kafka_stream.py for tasks to queue
[2024-12-26T19:52:08.553+0000] {logging_mixin.py:151} INFO - [2024-12-26T19:52:08.553+0000] {dagbag.py:539} INFO - Filling up the DagBag from /opt/airflow/dags/kafka_stream.py
[2024-12-26T19:52:08.577+0000] {processor.py:839} INFO - DAG(s) dict_keys(['user_automation']) retrieved from /opt/airflow/dags/kafka_stream.py
[2024-12-26T19:52:08.589+0000] {logging_mixin.py:151} INFO - [2024-12-26T19:52:08.589+0000] {dag.py:2907} INFO - Sync 1 DAGs
[2024-12-26T19:52:08.651+0000] {logging_mixin.py:151} INFO - [2024-12-26T19:52:08.651+0000] {dag.py:3677} INFO - Setting next_dagrun for user_automation to 2024-12-26T00:00:00+00:00, run_after=2024-12-27T00:00:00+00:00
[2024-12-26T19:52:08.657+0000] {processor.py:179} INFO - Processing /opt/airflow/dags/kafka_stream.py took 0.108 seconds
[2024-12-26T19:52:38.787+0000] {processor.py:157} INFO - Started process (PID=133) to work on /opt/airflow/dags/kafka_stream.py
[2024-12-26T19:52:38.788+0000] {processor.py:829} INFO - Processing file /opt/airflow/dags/kafka_stream.py for tasks to queue
[2024-12-26T19:52:38.789+0000] {logging_mixin.py:151} INFO - [2024-12-26T19:52:38.788+0000] {dagbag.py:539} INFO - Filling up the DagBag from /opt/airflow/dags/kafka_stream.py
[2024-12-26T19:52:38.815+0000] {processor.py:839} INFO - DAG(s) dict_keys(['user_automation']) retrieved from /opt/airflow/dags/kafka_stream.py
[2024-12-26T19:52:38.884+0000] {logging_mixin.py:151} INFO - [2024-12-26T19:52:38.884+0000] {dag.py:2907} INFO - Sync 1 DAGs
[2024-12-26T19:52:38.891+0000] {logging_mixin.py:151} INFO - [2024-12-26T19:52:38.891+0000] {dag.py:3677} INFO - Setting next_dagrun for user_automation to 2024-12-26T00:00:00+00:00, run_after=2024-12-27T00:00:00+00:00
[2024-12-26T19:52:38.897+0000] {processor.py:179} INFO - Processing /opt/airflow/dags/kafka_stream.py took 0.112 seconds
[2024-12-26T19:53:08.968+0000] {processor.py:157} INFO - Started process (PID=134) to work on /opt/airflow/dags/kafka_stream.py
[2024-12-26T19:53:08.969+0000] {processor.py:829} INFO - Processing file /opt/airflow/dags/kafka_stream.py for tasks to queue
[2024-12-26T19:53:08.969+0000] {logging_mixin.py:151} INFO - [2024-12-26T19:53:08.969+0000] {dagbag.py:539} INFO - Filling up the DagBag from /opt/airflow/dags/kafka_stream.py
[2024-12-26T19:53:09.061+0000] {processor.py:839} INFO - DAG(s) dict_keys(['user_automation']) retrieved from /opt/airflow/dags/kafka_stream.py
[2024-12-26T19:53:09.071+0000] {logging_mixin.py:151} INFO - [2024-12-26T19:53:09.071+0000] {dag.py:2907} INFO - Sync 1 DAGs
[2024-12-26T19:53:09.079+0000] {logging_mixin.py:151} INFO - [2024-12-26T19:53:09.079+0000] {dag.py:3677} INFO - Setting next_dagrun for user_automation to 2024-12-26T00:00:00+00:00, run_after=2024-12-27T00:00:00+00:00
[2024-12-26T19:53:09.085+0000] {processor.py:179} INFO - Processing /opt/airflow/dags/kafka_stream.py took 0.119 seconds
[2024-12-26T19:53:39.268+0000] {processor.py:157} INFO - Started process (PID=135) to work on /opt/airflow/dags/kafka_stream.py
[2024-12-26T19:53:39.268+0000] {processor.py:829} INFO - Processing file /opt/airflow/dags/kafka_stream.py for tasks to queue
[2024-12-26T19:53:39.269+0000] {logging_mixin.py:151} INFO - [2024-12-26T19:53:39.269+0000] {dagbag.py:539} INFO - Filling up the DagBag from /opt/airflow/dags/kafka_stream.py
[2024-12-26T19:53:39.358+0000] {processor.py:839} INFO - DAG(s) dict_keys(['user_automation']) retrieved from /opt/airflow/dags/kafka_stream.py
[2024-12-26T19:53:39.367+0000] {logging_mixin.py:151} INFO - [2024-12-26T19:53:39.367+0000] {dag.py:2907} INFO - Sync 1 DAGs
[2024-12-26T19:53:39.373+0000] {logging_mixin.py:151} INFO - [2024-12-26T19:53:39.373+0000] {dag.py:3677} INFO - Setting next_dagrun for user_automation to 2024-12-26T00:00:00+00:00, run_after=2024-12-27T00:00:00+00:00
[2024-12-26T19:53:39.379+0000] {processor.py:179} INFO - Processing /opt/airflow/dags/kafka_stream.py took 0.115 seconds
