[2024-12-26T08:04:39.895+0000] {manager.py:488} INFO - Processing files using up to 2 processes at a time 
[2024-12-26T08:04:39.895+0000] {manager.py:489} INFO - Process each file at most once every 30 seconds
[2024-12-26T08:04:39.896+0000] {manager.py:490} INFO - Checking for new files in /opt/airflow/dags every 300 seconds
[2024-12-26T08:04:39.896+0000] {manager.py:760} INFO - Searching for files in /opt/airflow/dags
[2024-12-26T08:04:39.897+0000] {manager.py:763} INFO - There are 1 files in /opt/airflow/dags
[2024-12-26T08:04:39.922+0000] {manager.py:888} INFO - 
================================================================================
DAG File Processing Stats

File Path                            PID  Runtime      # DAGs    # Errors  Last Runtime    Last Run
---------------------------------  -----  ---------  --------  ----------  --------------  ----------
/opt/airflow/dags/kafka_stream.py     70  0.01s             0           0
================================================================================
[2024-12-26T08:05:10.156+0000] {manager.py:888} INFO - 
================================================================================
DAG File Processing Stats

File Path                            PID  Runtime      # DAGs    # Errors  Last Runtime    Last Run
---------------------------------  -----  ---------  --------  ----------  --------------  -------------------
/opt/airflow/dags/kafka_stream.py     75  0.01s             1           0  0.06s           2024-12-26T08:04:39
================================================================================
[2024-12-26T08:05:40.383+0000] {manager.py:888} INFO - 
================================================================================
DAG File Processing Stats

File Path                          PID    Runtime      # DAGs    # Errors  Last Runtime    Last Run
---------------------------------  -----  ---------  --------  ----------  --------------  -------------------
/opt/airflow/dags/kafka_stream.py                           1           0  0.07s           2024-12-26T08:05:28
================================================================================
[2024-12-26T08:06:10.609+0000] {manager.py:888} INFO - 
================================================================================
DAG File Processing Stats

File Path                          PID    Runtime      # DAGs    # Errors  Last Runtime    Last Run
---------------------------------  -----  ---------  --------  ----------  --------------  -------------------
/opt/airflow/dags/kafka_stream.py                           1           0  0.06s           2024-12-26T08:05:58
================================================================================
[2024-12-26T08:06:40.843+0000] {manager.py:888} INFO - 
================================================================================
DAG File Processing Stats

File Path                          PID    Runtime      # DAGs    # Errors  Last Runtime    Last Run
---------------------------------  -----  ---------  --------  ----------  --------------  -------------------
/opt/airflow/dags/kafka_stream.py                           1           0  0.09s           2024-12-26T08:06:28
================================================================================
[2024-12-26T08:07:11.106+0000] {manager.py:888} INFO - 
================================================================================
DAG File Processing Stats

File Path                          PID    Runtime      # DAGs    # Errors  Last Runtime    Last Run
---------------------------------  -----  ---------  --------  ----------  --------------  -------------------
/opt/airflow/dags/kafka_stream.py                           1           0  0.08s           2024-12-26T08:06:59
================================================================================
[2024-12-26T08:07:41.337+0000] {manager.py:888} INFO - 
================================================================================
DAG File Processing Stats

File Path                          PID    Runtime      # DAGs    # Errors  Last Runtime    Last Run
---------------------------------  -----  ---------  --------  ----------  --------------  -------------------
/opt/airflow/dags/kafka_stream.py                           1           0  0.08s           2024-12-26T08:07:29
================================================================================
[2024-12-26T08:08:11.596+0000] {manager.py:888} INFO - 
================================================================================
DAG File Processing Stats

File Path                          PID    Runtime      # DAGs    # Errors  Last Runtime    Last Run
---------------------------------  -----  ---------  --------  ----------  --------------  -------------------
/opt/airflow/dags/kafka_stream.py                           1           0  0.08s           2024-12-26T08:07:59
================================================================================
[2024-12-26T08:08:41.824+0000] {manager.py:888} INFO - 
================================================================================
DAG File Processing Stats

File Path                          PID    Runtime      # DAGs    # Errors  Last Runtime    Last Run
---------------------------------  -----  ---------  --------  ----------  --------------  -------------------
/opt/airflow/dags/kafka_stream.py                           1           0  0.08s           2024-12-26T08:08:29
================================================================================
[2024-12-26T08:09:12.063+0000] {manager.py:888} INFO - 
================================================================================
DAG File Processing Stats

File Path                          PID    Runtime      # DAGs    # Errors  Last Runtime    Last Run
---------------------------------  -----  ---------  --------  ----------  --------------  -------------------
/opt/airflow/dags/kafka_stream.py                           1           0  0.08s           2024-12-26T08:09:00
================================================================================
[2024-12-26T08:09:40.274+0000] {manager.py:760} INFO - Searching for files in /opt/airflow/dags
[2024-12-26T08:09:40.280+0000] {manager.py:763} INFO - There are 1 files in /opt/airflow/dags
[2024-12-26T08:09:42.307+0000] {manager.py:888} INFO - 
================================================================================
DAG File Processing Stats

File Path                          PID    Runtime      # DAGs    # Errors  Last Runtime    Last Run
---------------------------------  -----  ---------  --------  ----------  --------------  -------------------
/opt/airflow/dags/kafka_stream.py                           1           0  0.08s           2024-12-26T08:09:30
================================================================================
[2024-12-26T08:09:46.802+0000] {manager.py:470} INFO - Exiting gracefully upon receiving signal 15
[2024-12-26T08:12:17.336+0000] {manager.py:488} INFO - Processing files using up to 2 processes at a time 
[2024-12-26T08:12:17.336+0000] {manager.py:489} INFO - Process each file at most once every 30 seconds
[2024-12-26T08:12:17.336+0000] {manager.py:490} INFO - Checking for new files in /opt/airflow/dags every 300 seconds
[2024-12-26T08:12:17.336+0000] {manager.py:760} INFO - Searching for files in /opt/airflow/dags
[2024-12-26T08:12:17.338+0000] {manager.py:763} INFO - There are 1 files in /opt/airflow/dags
[2024-12-26T08:12:17.362+0000] {manager.py:888} INFO - 
================================================================================
DAG File Processing Stats

File Path                            PID  Runtime      # DAGs    # Errors  Last Runtime    Last Run
---------------------------------  -----  ---------  --------  ----------  --------------  ----------
/opt/airflow/dags/kafka_stream.py     70  0.01s             0           0
================================================================================
[2024-12-26T08:12:47.544+0000] {manager.py:888} INFO - 
================================================================================
DAG File Processing Stats

File Path                            PID  Runtime      # DAGs    # Errors  Last Runtime    Last Run
---------------------------------  -----  ---------  --------  ----------  --------------  -------------------
/opt/airflow/dags/kafka_stream.py     75  0.00s             1           0  0.06s           2024-12-26T08:12:17
================================================================================
[2024-12-26T08:13:17.763+0000] {manager.py:888} INFO - 
================================================================================
DAG File Processing Stats

File Path                            PID  Runtime      # DAGs    # Errors  Last Runtime    Last Run
---------------------------------  -----  ---------  --------  ----------  --------------  -------------------
/opt/airflow/dags/kafka_stream.py     76  0.01s             1           0  0.08s           2024-12-26T08:12:47
================================================================================
[2024-12-26T08:13:47.971+0000] {manager.py:888} INFO - 
================================================================================
DAG File Processing Stats

File Path                            PID  Runtime      # DAGs    # Errors  Last Runtime    Last Run
---------------------------------  -----  ---------  --------  ----------  --------------  -------------------
/opt/airflow/dags/kafka_stream.py     77  0.00s             1           0  0.10s           2024-12-26T08:13:17
================================================================================
[2024-12-26T08:14:18.203+0000] {manager.py:888} INFO - 
================================================================================
DAG File Processing Stats

File Path                            PID  Runtime      # DAGs    # Errors  Last Runtime    Last Run
---------------------------------  -----  ---------  --------  ----------  --------------  -------------------
/opt/airflow/dags/kafka_stream.py     78  0.00s             1           0  0.07s           2024-12-26T08:13:48
================================================================================
[2024-12-26T08:14:48.417+0000] {manager.py:888} INFO - 
================================================================================
DAG File Processing Stats

File Path                            PID  Runtime      # DAGs    # Errors  Last Runtime    Last Run
---------------------------------  -----  ---------  --------  ----------  --------------  -------------------
/opt/airflow/dags/kafka_stream.py     79  0.01s             1           0  0.07s           2024-12-26T08:14:18
================================================================================
[2024-12-26T08:14:55.368+0000] {manager.py:470} INFO - Exiting gracefully upon receiving signal 15
[2024-12-26T19:21:23.755+0000] {manager.py:488} INFO - Processing files using up to 2 processes at a time 
[2024-12-26T19:21:23.755+0000] {manager.py:489} INFO - Process each file at most once every 30 seconds
[2024-12-26T19:21:23.755+0000] {manager.py:490} INFO - Checking for new files in /opt/airflow/dags every 300 seconds
[2024-12-26T19:21:23.755+0000] {manager.py:760} INFO - Searching for files in /opt/airflow/dags
[2024-12-26T19:21:23.757+0000] {manager.py:763} INFO - There are 1 files in /opt/airflow/dags
[2024-12-26T19:21:23.781+0000] {manager.py:888} INFO - 
================================================================================
DAG File Processing Stats

File Path                            PID  Runtime      # DAGs    # Errors  Last Runtime    Last Run
---------------------------------  -----  ---------  --------  ----------  --------------  ----------
/opt/airflow/dags/kafka_stream.py     70  0.01s             0           0
================================================================================
[2024-12-26T19:21:53.954+0000] {manager.py:888} INFO - 
================================================================================
DAG File Processing Stats

File Path                            PID  Runtime      # DAGs    # Errors  Last Runtime    Last Run
---------------------------------  -----  ---------  --------  ----------  --------------  -------------------
/opt/airflow/dags/kafka_stream.py     72  0.00s             1           0  0.06s           2024-12-26T19:21:23
================================================================================
[2024-12-26T19:22:24.152+0000] {manager.py:888} INFO - 
================================================================================
DAG File Processing Stats

File Path                            PID  Runtime      # DAGs    # Errors  Last Runtime    Last Run
---------------------------------  -----  ---------  --------  ----------  --------------  -------------------
/opt/airflow/dags/kafka_stream.py     73  0.00s             1           0  0.07s           2024-12-26T19:21:54
================================================================================
[2024-12-26T19:22:54.349+0000] {manager.py:888} INFO - 
================================================================================
DAG File Processing Stats

File Path                            PID  Runtime      # DAGs    # Errors  Last Runtime    Last Run
---------------------------------  -----  ---------  --------  ----------  --------------  -------------------
/opt/airflow/dags/kafka_stream.py     74  0.01s             1           0  0.07s           2024-12-26T19:22:24
================================================================================
[2024-12-26T19:23:24.605+0000] {manager.py:888} INFO - 
================================================================================
DAG File Processing Stats

File Path                            PID  Runtime      # DAGs    # Errors  Last Runtime    Last Run
---------------------------------  -----  ---------  --------  ----------  --------------  -------------------
/opt/airflow/dags/kafka_stream.py     75  0.00s             1           0  0.08s           2024-12-26T19:22:54
================================================================================
[2024-12-26T19:23:54.811+0000] {manager.py:888} INFO - 
================================================================================
DAG File Processing Stats

File Path                            PID  Runtime      # DAGs    # Errors  Last Runtime    Last Run
---------------------------------  -----  ---------  --------  ----------  --------------  -------------------
/opt/airflow/dags/kafka_stream.py     76  0.00s             1           0  0.07s           2024-12-26T19:23:24
================================================================================
[2024-12-26T19:24:25.056+0000] {manager.py:888} INFO - 
================================================================================
DAG File Processing Stats

File Path                            PID  Runtime      # DAGs    # Errors  Last Runtime    Last Run
---------------------------------  -----  ---------  --------  ----------  --------------  -------------------
/opt/airflow/dags/kafka_stream.py     77  0.00s             1           0  0.07s           2024-12-26T19:23:54
================================================================================
[2024-12-26T19:24:55.254+0000] {manager.py:888} INFO - 
================================================================================
DAG File Processing Stats

File Path                            PID  Runtime      # DAGs    # Errors  Last Runtime    Last Run
---------------------------------  -----  ---------  --------  ----------  --------------  -------------------
/opt/airflow/dags/kafka_stream.py     78  0.01s             1           0  0.07s           2024-12-26T19:24:25
================================================================================
[2024-12-26T19:25:25.468+0000] {manager.py:888} INFO - 
================================================================================
DAG File Processing Stats

File Path                            PID  Runtime      # DAGs    # Errors  Last Runtime    Last Run
---------------------------------  -----  ---------  --------  ----------  --------------  -------------------
/opt/airflow/dags/kafka_stream.py     79  0.01s             1           0  0.07s           2024-12-26T19:24:55
================================================================================
[2024-12-26T19:25:55.669+0000] {manager.py:888} INFO - 
================================================================================
DAG File Processing Stats

File Path                            PID  Runtime      # DAGs    # Errors  Last Runtime    Last Run
---------------------------------  -----  ---------  --------  ----------  --------------  -------------------
/opt/airflow/dags/kafka_stream.py     80  0.00s             1           0  0.09s           2024-12-26T19:25:25
================================================================================
[2024-12-26T19:26:24.030+0000] {manager.py:760} INFO - Searching for files in /opt/airflow/dags
[2024-12-26T19:26:24.037+0000] {manager.py:763} INFO - There are 1 files in /opt/airflow/dags
[2024-12-26T19:26:26.072+0000] {manager.py:888} INFO - 
================================================================================
DAG File Processing Stats

File Path                            PID  Runtime      # DAGs    # Errors  Last Runtime    Last Run
---------------------------------  -----  ---------  --------  ----------  --------------  -------------------
/opt/airflow/dags/kafka_stream.py     81  0.01s             1           0  0.07s           2024-12-26T19:25:55
================================================================================
[2024-12-26T19:26:56.295+0000] {manager.py:888} INFO - 
================================================================================
DAG File Processing Stats

File Path                            PID  Runtime      # DAGs    # Errors  Last Runtime    Last Run
---------------------------------  -----  ---------  --------  ----------  --------------  -------------------
/opt/airflow/dags/kafka_stream.py     82  0.01s             1           0  0.08s           2024-12-26T19:26:26
================================================================================
[2024-12-26T19:27:26.516+0000] {manager.py:888} INFO - 
================================================================================
DAG File Processing Stats

File Path                            PID  Runtime      # DAGs    # Errors  Last Runtime    Last Run
---------------------------------  -----  ---------  --------  ----------  --------------  -------------------
/opt/airflow/dags/kafka_stream.py     83  0.01s             1           0  0.08s           2024-12-26T19:26:56
================================================================================
[2024-12-26T19:27:56.726+0000] {manager.py:888} INFO - 
================================================================================
DAG File Processing Stats

File Path                            PID  Runtime      # DAGs    # Errors  Last Runtime    Last Run
---------------------------------  -----  ---------  --------  ----------  --------------  -------------------
/opt/airflow/dags/kafka_stream.py     84  0.00s             1           0  0.14s           2024-12-26T19:27:26
================================================================================
[2024-12-26T19:28:26.972+0000] {manager.py:888} INFO - 
================================================================================
DAG File Processing Stats

File Path                            PID  Runtime      # DAGs    # Errors  Last Runtime    Last Run
---------------------------------  -----  ---------  --------  ----------  --------------  -------------------
/opt/airflow/dags/kafka_stream.py     85  0.00s             1           0  0.12s           2024-12-26T19:27:56
================================================================================
[2024-12-26T19:28:57.157+0000] {manager.py:888} INFO - 
================================================================================
DAG File Processing Stats

File Path                            PID  Runtime      # DAGs    # Errors  Last Runtime    Last Run
---------------------------------  -----  ---------  --------  ----------  --------------  -------------------
/opt/airflow/dags/kafka_stream.py     86  0.00s             1           0  0.12s           2024-12-26T19:28:27
================================================================================
[2024-12-26T19:29:27.394+0000] {manager.py:888} INFO - 
================================================================================
DAG File Processing Stats

File Path                            PID  Runtime      # DAGs    # Errors  Last Runtime    Last Run
---------------------------------  -----  ---------  --------  ----------  --------------  -------------------
/opt/airflow/dags/kafka_stream.py     87  0.00s             1           0  0.14s           2024-12-26T19:28:57
================================================================================
[2024-12-26T19:29:57.571+0000] {manager.py:888} INFO - 
================================================================================
DAG File Processing Stats

File Path                            PID  Runtime      # DAGs    # Errors  Last Runtime    Last Run
---------------------------------  -----  ---------  --------  ----------  --------------  -------------------
/opt/airflow/dags/kafka_stream.py     88  0.00s             1           0  0.11s           2024-12-26T19:29:27
================================================================================
[2024-12-26T19:30:27.828+0000] {manager.py:888} INFO - 
================================================================================
DAG File Processing Stats

File Path                            PID  Runtime      # DAGs    # Errors  Last Runtime    Last Run
---------------------------------  -----  ---------  --------  ----------  --------------  -------------------
/opt/airflow/dags/kafka_stream.py     89  0.00s             1           0  0.13s           2024-12-26T19:29:57
================================================================================
[2024-12-26T19:30:58.040+0000] {manager.py:888} INFO - 
================================================================================
DAG File Processing Stats

File Path                            PID  Runtime      # DAGs    # Errors  Last Runtime    Last Run
---------------------------------  -----  ---------  --------  ----------  --------------  -------------------
/opt/airflow/dags/kafka_stream.py     90  0.01s             1           0  0.12s           2024-12-26T19:30:27
================================================================================
[2024-12-26T19:31:24.261+0000] {manager.py:760} INFO - Searching for files in /opt/airflow/dags
[2024-12-26T19:31:24.269+0000] {manager.py:763} INFO - There are 1 files in /opt/airflow/dags
[2024-12-26T19:31:28.311+0000] {manager.py:888} INFO - 
================================================================================
DAG File Processing Stats

File Path                            PID  Runtime      # DAGs    # Errors  Last Runtime    Last Run
---------------------------------  -----  ---------  --------  ----------  --------------  -------------------
/opt/airflow/dags/kafka_stream.py     91  0.01s             1           0  0.13s           2024-12-26T19:30:58
================================================================================
[2024-12-26T19:31:58.495+0000] {manager.py:888} INFO - 
================================================================================
DAG File Processing Stats

File Path                            PID  Runtime      # DAGs    # Errors  Last Runtime    Last Run
---------------------------------  -----  ---------  --------  ----------  --------------  -------------------
/opt/airflow/dags/kafka_stream.py     92  0.01s             1           0  0.13s           2024-12-26T19:31:28
================================================================================
[2024-12-26T19:32:28.783+0000] {manager.py:888} INFO - 
================================================================================
DAG File Processing Stats

File Path                            PID  Runtime      # DAGs    # Errors  Last Runtime    Last Run
---------------------------------  -----  ---------  --------  ----------  --------------  -------------------
/opt/airflow/dags/kafka_stream.py     93  0.01s             1           0  0.13s           2024-12-26T19:31:58
================================================================================
[2024-12-26T19:32:58.994+0000] {manager.py:888} INFO - 
================================================================================
DAG File Processing Stats

File Path                            PID  Runtime      # DAGs    # Errors  Last Runtime    Last Run
---------------------------------  -----  ---------  --------  ----------  --------------  -------------------
/opt/airflow/dags/kafka_stream.py     94  0.01s             1           0  0.12s           2024-12-26T19:32:28
================================================================================
[2024-12-26T19:33:29.258+0000] {manager.py:888} INFO - 
================================================================================
DAG File Processing Stats

File Path                            PID  Runtime      # DAGs    # Errors  Last Runtime    Last Run
---------------------------------  -----  ---------  --------  ----------  --------------  -------------------
/opt/airflow/dags/kafka_stream.py     95  0.01s             1           0  0.12s           2024-12-26T19:32:59
================================================================================
[2024-12-26T19:33:59.450+0000] {manager.py:888} INFO - 
================================================================================
DAG File Processing Stats

File Path                            PID  Runtime      # DAGs    # Errors  Last Runtime    Last Run
---------------------------------  -----  ---------  --------  ----------  --------------  -------------------
/opt/airflow/dags/kafka_stream.py     96  0.00s             1           0  0.13s           2024-12-26T19:33:29
================================================================================
[2024-12-26T19:34:29.778+0000] {manager.py:888} INFO - 
================================================================================
DAG File Processing Stats

File Path                            PID  Runtime      # DAGs    # Errors  Last Runtime    Last Run
---------------------------------  -----  ---------  --------  ----------  --------------  -------------------
/opt/airflow/dags/kafka_stream.py     97  0.01s             1           0  0.13s           2024-12-26T19:33:59
================================================================================
[2024-12-26T19:34:59.992+0000] {manager.py:888} INFO - 
================================================================================
DAG File Processing Stats

File Path                            PID  Runtime      # DAGs    # Errors  Last Runtime    Last Run
---------------------------------  -----  ---------  --------  ----------  --------------  -------------------
/opt/airflow/dags/kafka_stream.py     98  0.01s             1           0  0.15s           2024-12-26T19:34:29
================================================================================
[2024-12-26T19:35:30.321+0000] {manager.py:888} INFO - 
================================================================================
DAG File Processing Stats

File Path                            PID  Runtime      # DAGs    # Errors  Last Runtime    Last Run
---------------------------------  -----  ---------  --------  ----------  --------------  -------------------
/opt/airflow/dags/kafka_stream.py     99  0.01s             1           0  0.15s           2024-12-26T19:35:00
================================================================================
[2024-12-26T19:36:00.541+0000] {manager.py:888} INFO - 
================================================================================
DAG File Processing Stats

File Path                            PID  Runtime      # DAGs    # Errors  Last Runtime    Last Run
---------------------------------  -----  ---------  --------  ----------  --------------  -------------------
/opt/airflow/dags/kafka_stream.py    100  0.01s             1           0  0.14s           2024-12-26T19:35:30
================================================================================
[2024-12-26T19:36:24.788+0000] {manager.py:760} INFO - Searching for files in /opt/airflow/dags
[2024-12-26T19:36:24.792+0000] {manager.py:763} INFO - There are 1 files in /opt/airflow/dags
[2024-12-26T19:36:30.843+0000] {manager.py:888} INFO - 
================================================================================
DAG File Processing Stats

File Path                            PID  Runtime      # DAGs    # Errors  Last Runtime    Last Run
---------------------------------  -----  ---------  --------  ----------  --------------  -------------------
/opt/airflow/dags/kafka_stream.py    101  0.01s             1           0  0.13s           2024-12-26T19:36:00
================================================================================
[2024-12-26T19:37:01.062+0000] {manager.py:888} INFO - 
================================================================================
DAG File Processing Stats

File Path                            PID  Runtime      # DAGs    # Errors  Last Runtime    Last Run
---------------------------------  -----  ---------  --------  ----------  --------------  -------------------
/opt/airflow/dags/kafka_stream.py    102  0.00s             1           0  0.14s           2024-12-26T19:36:30
================================================================================
[2024-12-26T19:37:31.336+0000] {manager.py:888} INFO - 
================================================================================
DAG File Processing Stats

File Path                            PID  Runtime      # DAGs    # Errors  Last Runtime    Last Run
---------------------------------  -----  ---------  --------  ----------  --------------  -------------------
/opt/airflow/dags/kafka_stream.py    103  0.01s             1           0  0.14s           2024-12-26T19:37:01
================================================================================
[2024-12-26T19:38:01.544+0000] {manager.py:888} INFO - 
================================================================================
DAG File Processing Stats

File Path                            PID  Runtime      # DAGs    # Errors  Last Runtime    Last Run
---------------------------------  -----  ---------  --------  ----------  --------------  -------------------
/opt/airflow/dags/kafka_stream.py    104  0.01s             1           0  0.13s           2024-12-26T19:37:31
================================================================================
[2024-12-26T19:38:31.856+0000] {manager.py:888} INFO - 
================================================================================
DAG File Processing Stats

File Path                            PID  Runtime      # DAGs    # Errors  Last Runtime    Last Run
---------------------------------  -----  ---------  --------  ----------  --------------  -------------------
/opt/airflow/dags/kafka_stream.py    105  0.01s             1           0  0.13s           2024-12-26T19:38:01
================================================================================
[2024-12-26T19:39:02.076+0000] {manager.py:888} INFO - 
================================================================================
DAG File Processing Stats

File Path                            PID  Runtime      # DAGs    # Errors  Last Runtime    Last Run
---------------------------------  -----  ---------  --------  ----------  --------------  -------------------
/opt/airflow/dags/kafka_stream.py    106  0.01s             1           0  0.13s           2024-12-26T19:38:31
================================================================================
[2024-12-26T19:39:32.369+0000] {manager.py:888} INFO - 
================================================================================
DAG File Processing Stats

File Path                            PID  Runtime      # DAGs    # Errors  Last Runtime    Last Run
---------------------------------  -----  ---------  --------  ----------  --------------  -------------------
/opt/airflow/dags/kafka_stream.py    107  0.00s             1           0  0.14s           2024-12-26T19:39:02
================================================================================
[2024-12-26T19:40:02.584+0000] {manager.py:888} INFO - 
================================================================================
DAG File Processing Stats

File Path                            PID  Runtime      # DAGs    # Errors  Last Runtime    Last Run
---------------------------------  -----  ---------  --------  ----------  --------------  -------------------
/opt/airflow/dags/kafka_stream.py    108  0.01s             1           0  0.12s           2024-12-26T19:39:32
================================================================================
[2024-12-26T19:40:32.859+0000] {manager.py:888} INFO - 
================================================================================
DAG File Processing Stats

File Path                            PID  Runtime      # DAGs    # Errors  Last Runtime    Last Run
---------------------------------  -----  ---------  --------  ----------  --------------  -------------------
/opt/airflow/dags/kafka_stream.py    109  0.01s             1           0  0.13s           2024-12-26T19:40:02
================================================================================
[2024-12-26T19:41:03.091+0000] {manager.py:888} INFO - 
================================================================================
DAG File Processing Stats

File Path                            PID  Runtime      # DAGs    # Errors  Last Runtime    Last Run
---------------------------------  -----  ---------  --------  ----------  --------------  -------------------
/opt/airflow/dags/kafka_stream.py    110  0.01s             1           0  0.14s           2024-12-26T19:40:32
================================================================================
[2024-12-26T19:41:25.317+0000] {manager.py:760} INFO - Searching for files in /opt/airflow/dags
[2024-12-26T19:41:25.325+0000] {manager.py:763} INFO - There are 1 files in /opt/airflow/dags
[2024-12-26T19:41:33.395+0000] {manager.py:888} INFO - 
================================================================================
DAG File Processing Stats

File Path                            PID  Runtime      # DAGs    # Errors  Last Runtime    Last Run
---------------------------------  -----  ---------  --------  ----------  --------------  -------------------
/opt/airflow/dags/kafka_stream.py    111  0.00s             1           0  0.13s           2024-12-26T19:41:03
================================================================================
[2024-12-26T19:42:03.604+0000] {manager.py:888} INFO - 
================================================================================
DAG File Processing Stats

File Path                            PID  Runtime      # DAGs    # Errors  Last Runtime    Last Run
---------------------------------  -----  ---------  --------  ----------  --------------  -------------------
/opt/airflow/dags/kafka_stream.py    112  0.00s             1           0  0.14s           2024-12-26T19:41:33
================================================================================
[2024-12-26T19:42:33.913+0000] {manager.py:888} INFO - 
================================================================================
DAG File Processing Stats

File Path                            PID  Runtime      # DAGs    # Errors  Last Runtime    Last Run
---------------------------------  -----  ---------  --------  ----------  --------------  -------------------
/opt/airflow/dags/kafka_stream.py    113  0.01s             1           0  0.12s           2024-12-26T19:42:03
================================================================================
[2024-12-26T19:43:04.128+0000] {manager.py:888} INFO - 
================================================================================
DAG File Processing Stats

File Path                            PID  Runtime      # DAGs    # Errors  Last Runtime    Last Run
---------------------------------  -----  ---------  --------  ----------  --------------  -------------------
/opt/airflow/dags/kafka_stream.py    114  0.01s             1           0  0.13s           2024-12-26T19:42:34
================================================================================
[2024-12-26T19:43:34.432+0000] {manager.py:888} INFO - 
================================================================================
DAG File Processing Stats

File Path                            PID  Runtime      # DAGs    # Errors  Last Runtime    Last Run
---------------------------------  -----  ---------  --------  ----------  --------------  -------------------
/opt/airflow/dags/kafka_stream.py    115  0.01s             1           0  0.13s           2024-12-26T19:43:04
================================================================================
[2024-12-26T19:44:04.658+0000] {manager.py:888} INFO - 
================================================================================
DAG File Processing Stats

File Path                            PID  Runtime      # DAGs    # Errors  Last Runtime    Last Run
---------------------------------  -----  ---------  --------  ----------  --------------  -------------------
/opt/airflow/dags/kafka_stream.py    116  0.01s             1           0  0.13s           2024-12-26T19:43:34
================================================================================
[2024-12-26T19:44:34.957+0000] {manager.py:888} INFO - 
================================================================================
DAG File Processing Stats

File Path                            PID  Runtime      # DAGs    # Errors  Last Runtime    Last Run
---------------------------------  -----  ---------  --------  ----------  --------------  -------------------
/opt/airflow/dags/kafka_stream.py    117  0.00s             1           0  0.15s           2024-12-26T19:44:04
================================================================================
[2024-12-26T19:45:05.179+0000] {manager.py:888} INFO - 
================================================================================
DAG File Processing Stats

File Path                            PID  Runtime      # DAGs    # Errors  Last Runtime    Last Run
---------------------------------  -----  ---------  --------  ----------  --------------  -------------------
/opt/airflow/dags/kafka_stream.py    118  0.01s             1           0  0.12s           2024-12-26T19:44:35
================================================================================
[2024-12-26T19:45:35.465+0000] {manager.py:888} INFO - 
================================================================================
DAG File Processing Stats

File Path                            PID  Runtime      # DAGs    # Errors  Last Runtime    Last Run
---------------------------------  -----  ---------  --------  ----------  --------------  -------------------
/opt/airflow/dags/kafka_stream.py    119  0.01s             1           0  0.14s           2024-12-26T19:45:05
================================================================================
[2024-12-26T19:46:05.691+0000] {manager.py:888} INFO - 
================================================================================
DAG File Processing Stats

File Path                            PID  Runtime      # DAGs    # Errors  Last Runtime    Last Run
---------------------------------  -----  ---------  --------  ----------  --------------  -------------------
/opt/airflow/dags/kafka_stream.py    120  0.01s             1           0  0.13s           2024-12-26T19:45:35
================================================================================
[2024-12-26T19:46:25.906+0000] {manager.py:760} INFO - Searching for files in /opt/airflow/dags
[2024-12-26T19:46:25.912+0000] {manager.py:763} INFO - There are 1 files in /opt/airflow/dags
[2024-12-26T19:46:35.989+0000] {manager.py:888} INFO - 
================================================================================
DAG File Processing Stats

File Path                            PID  Runtime      # DAGs    # Errors  Last Runtime    Last Run
---------------------------------  -----  ---------  --------  ----------  --------------  -------------------
/opt/airflow/dags/kafka_stream.py    121  0.00s             1           0  0.13s           2024-12-26T19:46:05
================================================================================
[2024-12-26T19:47:06.200+0000] {manager.py:888} INFO - 
================================================================================
DAG File Processing Stats

File Path                            PID  Runtime      # DAGs    # Errors  Last Runtime    Last Run
---------------------------------  -----  ---------  --------  ----------  --------------  -------------------
/opt/airflow/dags/kafka_stream.py    122  0.01s             1           0  0.13s           2024-12-26T19:46:36
================================================================================
[2024-12-26T19:47:36.455+0000] {manager.py:888} INFO - 
================================================================================
DAG File Processing Stats

File Path                            PID  Runtime      # DAGs    # Errors  Last Runtime    Last Run
---------------------------------  -----  ---------  --------  ----------  --------------  -------------------
/opt/airflow/dags/kafka_stream.py    123  0.01s             1           0  0.13s           2024-12-26T19:47:06
================================================================================
[2024-12-26T19:48:06.692+0000] {manager.py:888} INFO - 
================================================================================
DAG File Processing Stats

File Path                            PID  Runtime      # DAGs    # Errors  Last Runtime    Last Run
---------------------------------  -----  ---------  --------  ----------  --------------  -------------------
/opt/airflow/dags/kafka_stream.py    124  0.01s             1           0  0.14s           2024-12-26T19:47:36
================================================================================
[2024-12-26T19:48:36.951+0000] {manager.py:888} INFO - 
================================================================================
DAG File Processing Stats

File Path                            PID  Runtime      # DAGs    # Errors  Last Runtime    Last Run
---------------------------------  -----  ---------  --------  ----------  --------------  -------------------
/opt/airflow/dags/kafka_stream.py    125  0.01s             1           0  0.13s           2024-12-26T19:48:06
================================================================================
[2024-12-26T19:49:07.170+0000] {manager.py:888} INFO - 
================================================================================
DAG File Processing Stats

File Path                            PID  Runtime      # DAGs    # Errors  Last Runtime    Last Run
---------------------------------  -----  ---------  --------  ----------  --------------  -------------------
/opt/airflow/dags/kafka_stream.py    126  0.00s             1           0  0.14s           2024-12-26T19:48:37
================================================================================
[2024-12-26T19:49:37.429+0000] {manager.py:888} INFO - 
================================================================================
DAG File Processing Stats

File Path                            PID  Runtime      # DAGs    # Errors  Last Runtime    Last Run
---------------------------------  -----  ---------  --------  ----------  --------------  -------------------
/opt/airflow/dags/kafka_stream.py    127  0.01s             1           0  0.13s           2024-12-26T19:49:07
================================================================================
[2024-12-26T19:50:07.654+0000] {manager.py:888} INFO - 
================================================================================
DAG File Processing Stats

File Path                            PID  Runtime      # DAGs    # Errors  Last Runtime    Last Run
---------------------------------  -----  ---------  --------  ----------  --------------  -------------------
/opt/airflow/dags/kafka_stream.py    128  0.00s             1           0  0.13s           2024-12-26T19:49:37
================================================================================
[2024-12-26T19:50:37.891+0000] {manager.py:888} INFO - 
================================================================================
DAG File Processing Stats

File Path                            PID  Runtime      # DAGs    # Errors  Last Runtime    Last Run
---------------------------------  -----  ---------  --------  ----------  --------------  -------------------
/opt/airflow/dags/kafka_stream.py    129  0.00s             1           0  0.12s           2024-12-26T19:50:07
================================================================================
[2024-12-26T19:51:08.094+0000] {manager.py:888} INFO - 
================================================================================
DAG File Processing Stats

File Path                            PID  Runtime      # DAGs    # Errors  Last Runtime    Last Run
---------------------------------  -----  ---------  --------  ----------  --------------  -------------------
/opt/airflow/dags/kafka_stream.py    130  0.00s             1           0  0.10s           2024-12-26T19:50:37
================================================================================
[2024-12-26T19:51:26.248+0000] {manager.py:760} INFO - Searching for files in /opt/airflow/dags
[2024-12-26T19:51:26.255+0000] {manager.py:763} INFO - There are 1 files in /opt/airflow/dags
[2024-12-26T19:51:38.336+0000] {manager.py:888} INFO - 
================================================================================
DAG File Processing Stats

File Path                            PID  Runtime      # DAGs    # Errors  Last Runtime    Last Run
---------------------------------  -----  ---------  --------  ----------  --------------  -------------------
/opt/airflow/dags/kafka_stream.py    131  0.00s             1           0  0.12s           2024-12-26T19:51:08
================================================================================
[2024-12-26T19:52:08.547+0000] {manager.py:888} INFO - 
================================================================================
DAG File Processing Stats

File Path                            PID  Runtime      # DAGs    # Errors  Last Runtime    Last Run
---------------------------------  -----  ---------  --------  ----------  --------------  -------------------
/opt/airflow/dags/kafka_stream.py    132  0.00s             1           0  0.12s           2024-12-26T19:51:38
================================================================================
[2024-12-26T19:52:38.783+0000] {manager.py:888} INFO - 
================================================================================
DAG File Processing Stats

File Path                            PID  Runtime      # DAGs    # Errors  Last Runtime    Last Run
---------------------------------  -----  ---------  --------  ----------  --------------  -------------------
/opt/airflow/dags/kafka_stream.py    133  0.00s             1           0  0.12s           2024-12-26T19:52:08
================================================================================
[2024-12-26T19:53:08.964+0000] {manager.py:888} INFO - 
================================================================================
DAG File Processing Stats

File Path                            PID  Runtime      # DAGs    # Errors  Last Runtime    Last Run
---------------------------------  -----  ---------  --------  ----------  --------------  -------------------
/opt/airflow/dags/kafka_stream.py    134  0.00s             1           0  0.12s           2024-12-26T19:52:38
================================================================================
[2024-12-26T19:53:39.257+0000] {manager.py:888} INFO - 
================================================================================
DAG File Processing Stats

File Path                            PID  Runtime      # DAGs    # Errors  Last Runtime    Last Run
---------------------------------  -----  ---------  --------  ----------  --------------  -------------------
/opt/airflow/dags/kafka_stream.py    135  0.01s             1           0  0.13s           2024-12-26T19:53:09
================================================================================
